2018-07-05 11:29:41.318 [main] RMICacheManagerPeerListener - Exception starting RMI registry. Error was Port already in use: 40001; nested exception is: 
	java.net.BindException: Address already in use: JVM_Bind
java.rmi.server.ExportException: Port already in use: 40001; nested exception is: 
	java.net.BindException: Address already in use: JVM_Bind
	at sun.rmi.transport.tcp.TCPTransport.listen(TCPTransport.java:341) ~[na:1.8.0_91]
	at sun.rmi.transport.tcp.TCPTransport.exportObject(TCPTransport.java:249) ~[na:1.8.0_91]
	at sun.rmi.transport.tcp.TCPEndpoint.exportObject(TCPEndpoint.java:411) ~[na:1.8.0_91]
	at sun.rmi.transport.LiveRef.exportObject(LiveRef.java:147) ~[na:1.8.0_91]
	at sun.rmi.server.UnicastServerRef.exportObject(UnicastServerRef.java:212) ~[na:1.8.0_91]
	at sun.rmi.registry.RegistryImpl.setup(RegistryImpl.java:152) ~[na:1.8.0_91]
	at sun.rmi.registry.RegistryImpl.<init>(RegistryImpl.java:137) ~[na:1.8.0_91]
	at java.rmi.registry.LocateRegistry.createRegistry(LocateRegistry.java:203) ~[na:1.8.0_91]
	at net.sf.ehcache.distribution.RMICacheManagerPeerListener.startRegistry(RMICacheManagerPeerListener.java:326) [ehcache-core-2.4.3.jar:na]
	at net.sf.ehcache.distribution.RMICacheManagerPeerListener.init(RMICacheManagerPeerListener.java:205) [ehcache-core-2.4.3.jar:na]
	at net.sf.ehcache.event.CacheManagerEventListenerRegistry.init(CacheManagerEventListenerRegistry.java:104) [ehcache-core-2.4.3.jar:na]
	at net.sf.ehcache.CacheManager.init(CacheManager.java:365) [ehcache-core-2.4.3.jar:na]
	at net.sf.ehcache.CacheManager.<init>(CacheManager.java:299) [ehcache-core-2.4.3.jar:na]
	at net.sf.ehcache.CacheManager.create(CacheManager.java:697) [ehcache-core-2.4.3.jar:na]
	at net.sf.ehcache.CacheManager.getInstance(CacheManager.java:717) [ehcache-core-2.4.3.jar:na]
	at org.jeecgframework.core.aop.EhcacheAspect.<clinit>(EhcacheAspect.java:33) [classes/:na]
	at sun.reflect.NativeConstructorAccessorImpl.newInstance0(Native Method) [na:1.8.0_91]
	at sun.reflect.NativeConstructorAccessorImpl.newInstance(NativeConstructorAccessorImpl.java:62) [na:1.8.0_91]
	at sun.reflect.DelegatingConstructorAccessorImpl.newInstance(DelegatingConstructorAccessorImpl.java:45) [na:1.8.0_91]
	at java.lang.reflect.Constructor.newInstance(Constructor.java:423) [na:1.8.0_91]
	at org.springframework.beans.BeanUtils.instantiateClass(BeanUtils.java:148) [spring-beans-4.0.9.RELEASE.jar:4.0.9.RELEASE]
	at org.springframework.beans.factory.support.SimpleInstantiationStrategy.instantiate(SimpleInstantiationStrategy.java:89) [spring-beans-4.0.9.RELEASE.jar:4.0.9.RELEASE]
	at org.springframework.beans.factory.support.AbstractAutowireCapableBeanFactory.instantiateBean(AbstractAutowireCapableBeanFactory.java:1070) [spring-beans-4.0.9.RELEASE.jar:4.0.9.RELEASE]
	at org.springframework.beans.factory.support.AbstractAutowireCapableBeanFactory.createBeanInstance(AbstractAutowireCapableBeanFactory.java:1022) [spring-beans-4.0.9.RELEASE.jar:4.0.9.RELEASE]
	at org.springframework.beans.factory.support.AbstractAutowireCapableBeanFactory.doCreateBean(AbstractAutowireCapableBeanFactory.java:504) [spring-beans-4.0.9.RELEASE.jar:4.0.9.RELEASE]
	at org.springframework.beans.factory.support.AbstractAutowireCapableBeanFactory.createBean(AbstractAutowireCapableBeanFactory.java:475) [spring-beans-4.0.9.RELEASE.jar:4.0.9.RELEASE]
	at org.springframework.beans.factory.support.AbstractBeanFactory$1.getObject(AbstractBeanFactory.java:302) [spring-beans-4.0.9.RELEASE.jar:4.0.9.RELEASE]
	at org.springframework.beans.factory.support.DefaultSingletonBeanRegistry.getSingleton(DefaultSingletonBeanRegistry.java:229) [spring-beans-4.0.9.RELEASE.jar:4.0.9.RELEASE]
	at org.springframework.beans.factory.support.AbstractBeanFactory.doGetBean(AbstractBeanFactory.java:298) [spring-beans-4.0.9.RELEASE.jar:4.0.9.RELEASE]
	at org.springframework.beans.factory.support.AbstractBeanFactory.getBean(AbstractBeanFactory.java:193) [spring-beans-4.0.9.RELEASE.jar:4.0.9.RELEASE]
	at org.springframework.beans.factory.support.DefaultListableBeanFactory.preInstantiateSingletons(DefaultListableBeanFactory.java:706) [spring-beans-4.0.9.RELEASE.jar:4.0.9.RELEASE]
	at org.springframework.context.support.AbstractApplicationContext.finishBeanFactoryInitialization(AbstractApplicationContext.java:762) [spring-context-4.0.9.RELEASE.jar:4.0.9.RELEASE]
	at org.springframework.context.support.AbstractApplicationContext.refresh(AbstractApplicationContext.java:482) [spring-context-4.0.9.RELEASE.jar:4.0.9.RELEASE]
	at org.springframework.test.context.web.AbstractGenericWebContextLoader.loadContext(AbstractGenericWebContextLoader.java:132) [spring-test-4.0.9.RELEASE.jar:4.0.9.RELEASE]
	at org.springframework.test.context.web.AbstractGenericWebContextLoader.loadContext(AbstractGenericWebContextLoader.java:59) [spring-test-4.0.9.RELEASE.jar:4.0.9.RELEASE]
	at org.springframework.test.context.support.AbstractDelegatingSmartContextLoader.delegateLoading(AbstractDelegatingSmartContextLoader.java:102) [spring-test-4.0.9.RELEASE.jar:4.0.9.RELEASE]
	at org.springframework.test.context.support.AbstractDelegatingSmartContextLoader.loadContext(AbstractDelegatingSmartContextLoader.java:248) [spring-test-4.0.9.RELEASE.jar:4.0.9.RELEASE]
	at org.springframework.test.context.CacheAwareContextLoaderDelegate.loadContextInternal(CacheAwareContextLoaderDelegate.java:69) [spring-test-4.0.9.RELEASE.jar:4.0.9.RELEASE]
	at org.springframework.test.context.CacheAwareContextLoaderDelegate.loadContext(CacheAwareContextLoaderDelegate.java:95) [spring-test-4.0.9.RELEASE.jar:4.0.9.RELEASE]
	at org.springframework.test.context.DefaultTestContext.getApplicationContext(DefaultTestContext.java:98) [spring-test-4.0.9.RELEASE.jar:4.0.9.RELEASE]
	at org.springframework.test.context.web.ServletTestExecutionListener.setUpRequestContextIfNecessary(ServletTestExecutionListener.java:161) [spring-test-4.0.9.RELEASE.jar:4.0.9.RELEASE]
	at org.springframework.test.context.web.ServletTestExecutionListener.prepareTestInstance(ServletTestExecutionListener.java:101) [spring-test-4.0.9.RELEASE.jar:4.0.9.RELEASE]
	at org.springframework.test.context.TestContextManager.prepareTestInstance(TestContextManager.java:331) [spring-test-4.0.9.RELEASE.jar:4.0.9.RELEASE]
	at org.springframework.test.context.junit4.SpringJUnit4ClassRunner.createTest(SpringJUnit4ClassRunner.java:213) [spring-test-4.0.9.RELEASE.jar:4.0.9.RELEASE]
	at org.springframework.test.context.junit4.SpringJUnit4ClassRunner$1.runReflectiveCall(SpringJUnit4ClassRunner.java:290) [spring-test-4.0.9.RELEASE.jar:4.0.9.RELEASE]
	at org.junit.internal.runners.model.ReflectiveCallable.run(ReflectiveCallable.java:12) [junit-4.12.jar:4.12]
	at org.springframework.test.context.junit4.SpringJUnit4ClassRunner.methodBlock(SpringJUnit4ClassRunner.java:292) [spring-test-4.0.9.RELEASE.jar:4.0.9.RELEASE]
	at org.springframework.test.context.junit4.SpringJUnit4ClassRunner.runChild(SpringJUnit4ClassRunner.java:233) [spring-test-4.0.9.RELEASE.jar:4.0.9.RELEASE]
	at org.springframework.test.context.junit4.SpringJUnit4ClassRunner.runChild(SpringJUnit4ClassRunner.java:87) [spring-test-4.0.9.RELEASE.jar:4.0.9.RELEASE]
	at org.junit.runners.ParentRunner$3.run(ParentRunner.java:290) [junit-4.12.jar:4.12]
	at org.junit.runners.ParentRunner$1.schedule(ParentRunner.java:71) [junit-4.12.jar:4.12]
	at org.junit.runners.ParentRunner.runChildren(ParentRunner.java:288) [junit-4.12.jar:4.12]
	at org.junit.runners.ParentRunner.access$000(ParentRunner.java:58) [junit-4.12.jar:4.12]
	at org.junit.runners.ParentRunner$2.evaluate(ParentRunner.java:268) [junit-4.12.jar:4.12]
	at org.springframework.test.context.junit4.statements.RunBeforeTestClassCallbacks.evaluate(RunBeforeTestClassCallbacks.java:61) [spring-test-4.0.9.RELEASE.jar:4.0.9.RELEASE]
	at org.springframework.test.context.junit4.statements.RunAfterTestClassCallbacks.evaluate(RunAfterTestClassCallbacks.java:71) [spring-test-4.0.9.RELEASE.jar:4.0.9.RELEASE]
	at org.junit.runners.ParentRunner.run(ParentRunner.java:363) [junit-4.12.jar:4.12]
	at org.springframework.test.context.junit4.SpringJUnit4ClassRunner.run(SpringJUnit4ClassRunner.java:176) [spring-test-4.0.9.RELEASE.jar:4.0.9.RELEASE]
	at org.junit.runner.JUnitCore.run(JUnitCore.java:137) [junit-4.12.jar:4.12]
	at com.intellij.junit4.JUnit4IdeaTestRunner.startRunnerWithArgs(JUnit4IdeaTestRunner.java:68) [junit-rt.jar:na]
	at com.intellij.rt.execution.junit.IdeaTestRunner$Repeater.startRunnerWithArgs(IdeaTestRunner.java:47) [junit-rt.jar:na]
	at com.intellij.rt.execution.junit.JUnitStarter.prepareStreamsAndStart(JUnitStarter.java:242) [junit-rt.jar:na]
	at com.intellij.rt.execution.junit.JUnitStarter.main(JUnitStarter.java:70) [junit-rt.jar:na]
Caused by: java.net.BindException: Address already in use: JVM_Bind
	at java.net.DualStackPlainSocketImpl.bind0(Native Method) ~[na:1.8.0_91]
	at java.net.DualStackPlainSocketImpl.socketBind(DualStackPlainSocketImpl.java:106) ~[na:1.8.0_91]
	at java.net.AbstractPlainSocketImpl.bind(AbstractPlainSocketImpl.java:387) ~[na:1.8.0_91]
	at java.net.PlainSocketImpl.bind(PlainSocketImpl.java:190) ~[na:1.8.0_91]
	at java.net.ServerSocket.bind(ServerSocket.java:375) ~[na:1.8.0_91]
	at java.net.ServerSocket.<init>(ServerSocket.java:237) ~[na:1.8.0_91]
	at java.net.ServerSocket.<init>(ServerSocket.java:128) ~[na:1.8.0_91]
	at sun.rmi.transport.proxy.RMIDirectSocketFactory.createServerSocket(RMIDirectSocketFactory.java:45) ~[na:1.8.0_91]
	at sun.rmi.transport.proxy.RMIMasterSocketFactory.createServerSocket(RMIMasterSocketFactory.java:345) ~[na:1.8.0_91]
	at sun.rmi.transport.tcp.TCPEndpoint.newServerSocket(TCPEndpoint.java:666) ~[na:1.8.0_91]
	at sun.rmi.transport.tcp.TCPTransport.listen(TCPTransport.java:330) ~[na:1.8.0_91]
	... 62 common frames omitted
2018-07-05 15:41:25.390 [main] RMICacheManagerPeerListener - Exception starting RMI registry. Error was Port already in use: 40001; nested exception is: 
	java.net.BindException: Address already in use: JVM_Bind
java.rmi.server.ExportException: Port already in use: 40001; nested exception is: 
	java.net.BindException: Address already in use: JVM_Bind
	at sun.rmi.transport.tcp.TCPTransport.listen(TCPTransport.java:341) ~[na:1.8.0_91]
	at sun.rmi.transport.tcp.TCPTransport.exportObject(TCPTransport.java:249) ~[na:1.8.0_91]
	at sun.rmi.transport.tcp.TCPEndpoint.exportObject(TCPEndpoint.java:411) ~[na:1.8.0_91]
	at sun.rmi.transport.LiveRef.exportObject(LiveRef.java:147) ~[na:1.8.0_91]
	at sun.rmi.server.UnicastServerRef.exportObject(UnicastServerRef.java:212) ~[na:1.8.0_91]
	at sun.rmi.registry.RegistryImpl.setup(RegistryImpl.java:152) ~[na:1.8.0_91]
	at sun.rmi.registry.RegistryImpl.<init>(RegistryImpl.java:137) ~[na:1.8.0_91]
	at java.rmi.registry.LocateRegistry.createRegistry(LocateRegistry.java:203) ~[na:1.8.0_91]
	at net.sf.ehcache.distribution.RMICacheManagerPeerListener.startRegistry(RMICacheManagerPeerListener.java:326) [ehcache-core-2.4.3.jar:na]
	at net.sf.ehcache.distribution.RMICacheManagerPeerListener.init(RMICacheManagerPeerListener.java:205) [ehcache-core-2.4.3.jar:na]
	at net.sf.ehcache.event.CacheManagerEventListenerRegistry.init(CacheManagerEventListenerRegistry.java:104) [ehcache-core-2.4.3.jar:na]
	at net.sf.ehcache.CacheManager.init(CacheManager.java:365) [ehcache-core-2.4.3.jar:na]
	at net.sf.ehcache.CacheManager.<init>(CacheManager.java:299) [ehcache-core-2.4.3.jar:na]
	at net.sf.ehcache.CacheManager.create(CacheManager.java:697) [ehcache-core-2.4.3.jar:na]
	at net.sf.ehcache.CacheManager.getInstance(CacheManager.java:717) [ehcache-core-2.4.3.jar:na]
	at org.jeecgframework.core.aop.EhcacheAspect.<clinit>(EhcacheAspect.java:33) [classes/:na]
	at sun.reflect.NativeConstructorAccessorImpl.newInstance0(Native Method) [na:1.8.0_91]
	at sun.reflect.NativeConstructorAccessorImpl.newInstance(NativeConstructorAccessorImpl.java:62) [na:1.8.0_91]
	at sun.reflect.DelegatingConstructorAccessorImpl.newInstance(DelegatingConstructorAccessorImpl.java:45) [na:1.8.0_91]
	at java.lang.reflect.Constructor.newInstance(Constructor.java:423) [na:1.8.0_91]
	at org.springframework.beans.BeanUtils.instantiateClass(BeanUtils.java:148) [spring-beans-4.0.9.RELEASE.jar:4.0.9.RELEASE]
	at org.springframework.beans.factory.support.SimpleInstantiationStrategy.instantiate(SimpleInstantiationStrategy.java:89) [spring-beans-4.0.9.RELEASE.jar:4.0.9.RELEASE]
	at org.springframework.beans.factory.support.AbstractAutowireCapableBeanFactory.instantiateBean(AbstractAutowireCapableBeanFactory.java:1070) [spring-beans-4.0.9.RELEASE.jar:4.0.9.RELEASE]
	at org.springframework.beans.factory.support.AbstractAutowireCapableBeanFactory.createBeanInstance(AbstractAutowireCapableBeanFactory.java:1022) [spring-beans-4.0.9.RELEASE.jar:4.0.9.RELEASE]
	at org.springframework.beans.factory.support.AbstractAutowireCapableBeanFactory.doCreateBean(AbstractAutowireCapableBeanFactory.java:504) [spring-beans-4.0.9.RELEASE.jar:4.0.9.RELEASE]
	at org.springframework.beans.factory.support.AbstractAutowireCapableBeanFactory.createBean(AbstractAutowireCapableBeanFactory.java:475) [spring-beans-4.0.9.RELEASE.jar:4.0.9.RELEASE]
	at org.springframework.beans.factory.support.AbstractBeanFactory$1.getObject(AbstractBeanFactory.java:302) [spring-beans-4.0.9.RELEASE.jar:4.0.9.RELEASE]
	at org.springframework.beans.factory.support.DefaultSingletonBeanRegistry.getSingleton(DefaultSingletonBeanRegistry.java:229) [spring-beans-4.0.9.RELEASE.jar:4.0.9.RELEASE]
	at org.springframework.beans.factory.support.AbstractBeanFactory.doGetBean(AbstractBeanFactory.java:298) [spring-beans-4.0.9.RELEASE.jar:4.0.9.RELEASE]
	at org.springframework.beans.factory.support.AbstractBeanFactory.getBean(AbstractBeanFactory.java:193) [spring-beans-4.0.9.RELEASE.jar:4.0.9.RELEASE]
	at org.springframework.beans.factory.support.DefaultListableBeanFactory.preInstantiateSingletons(DefaultListableBeanFactory.java:706) [spring-beans-4.0.9.RELEASE.jar:4.0.9.RELEASE]
	at org.springframework.context.support.AbstractApplicationContext.finishBeanFactoryInitialization(AbstractApplicationContext.java:762) [spring-context-4.0.9.RELEASE.jar:4.0.9.RELEASE]
	at org.springframework.context.support.AbstractApplicationContext.refresh(AbstractApplicationContext.java:482) [spring-context-4.0.9.RELEASE.jar:4.0.9.RELEASE]
	at org.springframework.test.context.web.AbstractGenericWebContextLoader.loadContext(AbstractGenericWebContextLoader.java:132) [spring-test-4.0.9.RELEASE.jar:4.0.9.RELEASE]
	at org.springframework.test.context.web.AbstractGenericWebContextLoader.loadContext(AbstractGenericWebContextLoader.java:59) [spring-test-4.0.9.RELEASE.jar:4.0.9.RELEASE]
	at org.springframework.test.context.support.AbstractDelegatingSmartContextLoader.delegateLoading(AbstractDelegatingSmartContextLoader.java:102) [spring-test-4.0.9.RELEASE.jar:4.0.9.RELEASE]
	at org.springframework.test.context.support.AbstractDelegatingSmartContextLoader.loadContext(AbstractDelegatingSmartContextLoader.java:248) [spring-test-4.0.9.RELEASE.jar:4.0.9.RELEASE]
	at org.springframework.test.context.CacheAwareContextLoaderDelegate.loadContextInternal(CacheAwareContextLoaderDelegate.java:69) [spring-test-4.0.9.RELEASE.jar:4.0.9.RELEASE]
	at org.springframework.test.context.CacheAwareContextLoaderDelegate.loadContext(CacheAwareContextLoaderDelegate.java:95) [spring-test-4.0.9.RELEASE.jar:4.0.9.RELEASE]
	at org.springframework.test.context.DefaultTestContext.getApplicationContext(DefaultTestContext.java:98) [spring-test-4.0.9.RELEASE.jar:4.0.9.RELEASE]
	at org.springframework.test.context.web.ServletTestExecutionListener.setUpRequestContextIfNecessary(ServletTestExecutionListener.java:161) [spring-test-4.0.9.RELEASE.jar:4.0.9.RELEASE]
	at org.springframework.test.context.web.ServletTestExecutionListener.prepareTestInstance(ServletTestExecutionListener.java:101) [spring-test-4.0.9.RELEASE.jar:4.0.9.RELEASE]
	at org.springframework.test.context.TestContextManager.prepareTestInstance(TestContextManager.java:331) [spring-test-4.0.9.RELEASE.jar:4.0.9.RELEASE]
	at org.springframework.test.context.junit4.SpringJUnit4ClassRunner.createTest(SpringJUnit4ClassRunner.java:213) [spring-test-4.0.9.RELEASE.jar:4.0.9.RELEASE]
	at org.springframework.test.context.junit4.SpringJUnit4ClassRunner$1.runReflectiveCall(SpringJUnit4ClassRunner.java:290) [spring-test-4.0.9.RELEASE.jar:4.0.9.RELEASE]
	at org.junit.internal.runners.model.ReflectiveCallable.run(ReflectiveCallable.java:12) [junit-4.12.jar:4.12]
	at org.springframework.test.context.junit4.SpringJUnit4ClassRunner.methodBlock(SpringJUnit4ClassRunner.java:292) [spring-test-4.0.9.RELEASE.jar:4.0.9.RELEASE]
	at org.springframework.test.context.junit4.SpringJUnit4ClassRunner.runChild(SpringJUnit4ClassRunner.java:233) [spring-test-4.0.9.RELEASE.jar:4.0.9.RELEASE]
	at org.springframework.test.context.junit4.SpringJUnit4ClassRunner.runChild(SpringJUnit4ClassRunner.java:87) [spring-test-4.0.9.RELEASE.jar:4.0.9.RELEASE]
	at org.junit.runners.ParentRunner$3.run(ParentRunner.java:290) [junit-4.12.jar:4.12]
	at org.junit.runners.ParentRunner$1.schedule(ParentRunner.java:71) [junit-4.12.jar:4.12]
	at org.junit.runners.ParentRunner.runChildren(ParentRunner.java:288) [junit-4.12.jar:4.12]
	at org.junit.runners.ParentRunner.access$000(ParentRunner.java:58) [junit-4.12.jar:4.12]
	at org.junit.runners.ParentRunner$2.evaluate(ParentRunner.java:268) [junit-4.12.jar:4.12]
	at org.springframework.test.context.junit4.statements.RunBeforeTestClassCallbacks.evaluate(RunBeforeTestClassCallbacks.java:61) [spring-test-4.0.9.RELEASE.jar:4.0.9.RELEASE]
	at org.springframework.test.context.junit4.statements.RunAfterTestClassCallbacks.evaluate(RunAfterTestClassCallbacks.java:71) [spring-test-4.0.9.RELEASE.jar:4.0.9.RELEASE]
	at org.junit.runners.ParentRunner.run(ParentRunner.java:363) [junit-4.12.jar:4.12]
	at org.springframework.test.context.junit4.SpringJUnit4ClassRunner.run(SpringJUnit4ClassRunner.java:176) [spring-test-4.0.9.RELEASE.jar:4.0.9.RELEASE]
	at org.junit.runner.JUnitCore.run(JUnitCore.java:137) [junit-4.12.jar:4.12]
	at com.intellij.junit4.JUnit4IdeaTestRunner.startRunnerWithArgs(JUnit4IdeaTestRunner.java:68) [junit-rt.jar:na]
	at com.intellij.rt.execution.junit.IdeaTestRunner$Repeater.startRunnerWithArgs(IdeaTestRunner.java:47) [junit-rt.jar:na]
	at com.intellij.rt.execution.junit.JUnitStarter.prepareStreamsAndStart(JUnitStarter.java:242) [junit-rt.jar:na]
	at com.intellij.rt.execution.junit.JUnitStarter.main(JUnitStarter.java:70) [junit-rt.jar:na]
Caused by: java.net.BindException: Address already in use: JVM_Bind
	at java.net.DualStackPlainSocketImpl.bind0(Native Method) ~[na:1.8.0_91]
	at java.net.DualStackPlainSocketImpl.socketBind(DualStackPlainSocketImpl.java:106) ~[na:1.8.0_91]
	at java.net.AbstractPlainSocketImpl.bind(AbstractPlainSocketImpl.java:387) ~[na:1.8.0_91]
	at java.net.PlainSocketImpl.bind(PlainSocketImpl.java:190) ~[na:1.8.0_91]
	at java.net.ServerSocket.bind(ServerSocket.java:375) ~[na:1.8.0_91]
	at java.net.ServerSocket.<init>(ServerSocket.java:237) ~[na:1.8.0_91]
	at java.net.ServerSocket.<init>(ServerSocket.java:128) ~[na:1.8.0_91]
	at sun.rmi.transport.proxy.RMIDirectSocketFactory.createServerSocket(RMIDirectSocketFactory.java:45) ~[na:1.8.0_91]
	at sun.rmi.transport.proxy.RMIMasterSocketFactory.createServerSocket(RMIMasterSocketFactory.java:345) ~[na:1.8.0_91]
	at sun.rmi.transport.tcp.TCPEndpoint.newServerSocket(TCPEndpoint.java:666) ~[na:1.8.0_91]
	at sun.rmi.transport.tcp.TCPTransport.listen(TCPTransport.java:330) ~[na:1.8.0_91]
	... 62 common frames omitted
2018-07-05 15:44:08.862 [main] RMICacheManagerPeerListener - Exception starting RMI registry. Error was Port already in use: 40001; nested exception is: 
	java.net.BindException: Address already in use: JVM_Bind
java.rmi.server.ExportException: Port already in use: 40001; nested exception is: 
	java.net.BindException: Address already in use: JVM_Bind
	at sun.rmi.transport.tcp.TCPTransport.listen(TCPTransport.java:341) ~[na:1.8.0_91]
	at sun.rmi.transport.tcp.TCPTransport.exportObject(TCPTransport.java:249) ~[na:1.8.0_91]
	at sun.rmi.transport.tcp.TCPEndpoint.exportObject(TCPEndpoint.java:411) ~[na:1.8.0_91]
	at sun.rmi.transport.LiveRef.exportObject(LiveRef.java:147) ~[na:1.8.0_91]
	at sun.rmi.server.UnicastServerRef.exportObject(UnicastServerRef.java:212) ~[na:1.8.0_91]
	at sun.rmi.registry.RegistryImpl.setup(RegistryImpl.java:152) ~[na:1.8.0_91]
	at sun.rmi.registry.RegistryImpl.<init>(RegistryImpl.java:137) ~[na:1.8.0_91]
	at java.rmi.registry.LocateRegistry.createRegistry(LocateRegistry.java:203) ~[na:1.8.0_91]
	at net.sf.ehcache.distribution.RMICacheManagerPeerListener.startRegistry(RMICacheManagerPeerListener.java:326) [ehcache-core-2.4.3.jar:na]
	at net.sf.ehcache.distribution.RMICacheManagerPeerListener.init(RMICacheManagerPeerListener.java:205) [ehcache-core-2.4.3.jar:na]
	at net.sf.ehcache.event.CacheManagerEventListenerRegistry.init(CacheManagerEventListenerRegistry.java:104) [ehcache-core-2.4.3.jar:na]
	at net.sf.ehcache.CacheManager.init(CacheManager.java:365) [ehcache-core-2.4.3.jar:na]
	at net.sf.ehcache.CacheManager.<init>(CacheManager.java:299) [ehcache-core-2.4.3.jar:na]
	at net.sf.ehcache.CacheManager.create(CacheManager.java:697) [ehcache-core-2.4.3.jar:na]
	at net.sf.ehcache.CacheManager.getInstance(CacheManager.java:717) [ehcache-core-2.4.3.jar:na]
	at org.jeecgframework.core.aop.EhcacheAspect.<clinit>(EhcacheAspect.java:33) [classes/:na]
	at sun.reflect.NativeConstructorAccessorImpl.newInstance0(Native Method) [na:1.8.0_91]
	at sun.reflect.NativeConstructorAccessorImpl.newInstance(NativeConstructorAccessorImpl.java:62) [na:1.8.0_91]
	at sun.reflect.DelegatingConstructorAccessorImpl.newInstance(DelegatingConstructorAccessorImpl.java:45) [na:1.8.0_91]
	at java.lang.reflect.Constructor.newInstance(Constructor.java:423) [na:1.8.0_91]
	at org.springframework.beans.BeanUtils.instantiateClass(BeanUtils.java:148) [spring-beans-4.0.9.RELEASE.jar:4.0.9.RELEASE]
	at org.springframework.beans.factory.support.SimpleInstantiationStrategy.instantiate(SimpleInstantiationStrategy.java:89) [spring-beans-4.0.9.RELEASE.jar:4.0.9.RELEASE]
	at org.springframework.beans.factory.support.AbstractAutowireCapableBeanFactory.instantiateBean(AbstractAutowireCapableBeanFactory.java:1070) [spring-beans-4.0.9.RELEASE.jar:4.0.9.RELEASE]
	at org.springframework.beans.factory.support.AbstractAutowireCapableBeanFactory.createBeanInstance(AbstractAutowireCapableBeanFactory.java:1022) [spring-beans-4.0.9.RELEASE.jar:4.0.9.RELEASE]
	at org.springframework.beans.factory.support.AbstractAutowireCapableBeanFactory.doCreateBean(AbstractAutowireCapableBeanFactory.java:504) [spring-beans-4.0.9.RELEASE.jar:4.0.9.RELEASE]
	at org.springframework.beans.factory.support.AbstractAutowireCapableBeanFactory.createBean(AbstractAutowireCapableBeanFactory.java:475) [spring-beans-4.0.9.RELEASE.jar:4.0.9.RELEASE]
	at org.springframework.beans.factory.support.AbstractBeanFactory$1.getObject(AbstractBeanFactory.java:302) [spring-beans-4.0.9.RELEASE.jar:4.0.9.RELEASE]
	at org.springframework.beans.factory.support.DefaultSingletonBeanRegistry.getSingleton(DefaultSingletonBeanRegistry.java:229) [spring-beans-4.0.9.RELEASE.jar:4.0.9.RELEASE]
	at org.springframework.beans.factory.support.AbstractBeanFactory.doGetBean(AbstractBeanFactory.java:298) [spring-beans-4.0.9.RELEASE.jar:4.0.9.RELEASE]
	at org.springframework.beans.factory.support.AbstractBeanFactory.getBean(AbstractBeanFactory.java:193) [spring-beans-4.0.9.RELEASE.jar:4.0.9.RELEASE]
	at org.springframework.beans.factory.support.DefaultListableBeanFactory.preInstantiateSingletons(DefaultListableBeanFactory.java:706) [spring-beans-4.0.9.RELEASE.jar:4.0.9.RELEASE]
	at org.springframework.context.support.AbstractApplicationContext.finishBeanFactoryInitialization(AbstractApplicationContext.java:762) [spring-context-4.0.9.RELEASE.jar:4.0.9.RELEASE]
	at org.springframework.context.support.AbstractApplicationContext.refresh(AbstractApplicationContext.java:482) [spring-context-4.0.9.RELEASE.jar:4.0.9.RELEASE]
	at org.springframework.test.context.web.AbstractGenericWebContextLoader.loadContext(AbstractGenericWebContextLoader.java:132) [spring-test-4.0.9.RELEASE.jar:4.0.9.RELEASE]
	at org.springframework.test.context.web.AbstractGenericWebContextLoader.loadContext(AbstractGenericWebContextLoader.java:59) [spring-test-4.0.9.RELEASE.jar:4.0.9.RELEASE]
	at org.springframework.test.context.support.AbstractDelegatingSmartContextLoader.delegateLoading(AbstractDelegatingSmartContextLoader.java:102) [spring-test-4.0.9.RELEASE.jar:4.0.9.RELEASE]
	at org.springframework.test.context.support.AbstractDelegatingSmartContextLoader.loadContext(AbstractDelegatingSmartContextLoader.java:248) [spring-test-4.0.9.RELEASE.jar:4.0.9.RELEASE]
	at org.springframework.test.context.CacheAwareContextLoaderDelegate.loadContextInternal(CacheAwareContextLoaderDelegate.java:69) [spring-test-4.0.9.RELEASE.jar:4.0.9.RELEASE]
	at org.springframework.test.context.CacheAwareContextLoaderDelegate.loadContext(CacheAwareContextLoaderDelegate.java:95) [spring-test-4.0.9.RELEASE.jar:4.0.9.RELEASE]
	at org.springframework.test.context.DefaultTestContext.getApplicationContext(DefaultTestContext.java:98) [spring-test-4.0.9.RELEASE.jar:4.0.9.RELEASE]
	at org.springframework.test.context.web.ServletTestExecutionListener.setUpRequestContextIfNecessary(ServletTestExecutionListener.java:161) [spring-test-4.0.9.RELEASE.jar:4.0.9.RELEASE]
	at org.springframework.test.context.web.ServletTestExecutionListener.prepareTestInstance(ServletTestExecutionListener.java:101) [spring-test-4.0.9.RELEASE.jar:4.0.9.RELEASE]
	at org.springframework.test.context.TestContextManager.prepareTestInstance(TestContextManager.java:331) [spring-test-4.0.9.RELEASE.jar:4.0.9.RELEASE]
	at org.springframework.test.context.junit4.SpringJUnit4ClassRunner.createTest(SpringJUnit4ClassRunner.java:213) [spring-test-4.0.9.RELEASE.jar:4.0.9.RELEASE]
	at org.springframework.test.context.junit4.SpringJUnit4ClassRunner$1.runReflectiveCall(SpringJUnit4ClassRunner.java:290) [spring-test-4.0.9.RELEASE.jar:4.0.9.RELEASE]
	at org.junit.internal.runners.model.ReflectiveCallable.run(ReflectiveCallable.java:12) [junit-4.12.jar:4.12]
	at org.springframework.test.context.junit4.SpringJUnit4ClassRunner.methodBlock(SpringJUnit4ClassRunner.java:292) [spring-test-4.0.9.RELEASE.jar:4.0.9.RELEASE]
	at org.springframework.test.context.junit4.SpringJUnit4ClassRunner.runChild(SpringJUnit4ClassRunner.java:233) [spring-test-4.0.9.RELEASE.jar:4.0.9.RELEASE]
	at org.springframework.test.context.junit4.SpringJUnit4ClassRunner.runChild(SpringJUnit4ClassRunner.java:87) [spring-test-4.0.9.RELEASE.jar:4.0.9.RELEASE]
	at org.junit.runners.ParentRunner$3.run(ParentRunner.java:290) [junit-4.12.jar:4.12]
	at org.junit.runners.ParentRunner$1.schedule(ParentRunner.java:71) [junit-4.12.jar:4.12]
	at org.junit.runners.ParentRunner.runChildren(ParentRunner.java:288) [junit-4.12.jar:4.12]
	at org.junit.runners.ParentRunner.access$000(ParentRunner.java:58) [junit-4.12.jar:4.12]
	at org.junit.runners.ParentRunner$2.evaluate(ParentRunner.java:268) [junit-4.12.jar:4.12]
	at org.springframework.test.context.junit4.statements.RunBeforeTestClassCallbacks.evaluate(RunBeforeTestClassCallbacks.java:61) [spring-test-4.0.9.RELEASE.jar:4.0.9.RELEASE]
	at org.springframework.test.context.junit4.statements.RunAfterTestClassCallbacks.evaluate(RunAfterTestClassCallbacks.java:71) [spring-test-4.0.9.RELEASE.jar:4.0.9.RELEASE]
	at org.junit.runners.ParentRunner.run(ParentRunner.java:363) [junit-4.12.jar:4.12]
	at org.springframework.test.context.junit4.SpringJUnit4ClassRunner.run(SpringJUnit4ClassRunner.java:176) [spring-test-4.0.9.RELEASE.jar:4.0.9.RELEASE]
	at org.junit.runner.JUnitCore.run(JUnitCore.java:137) [junit-4.12.jar:4.12]
	at com.intellij.junit4.JUnit4IdeaTestRunner.startRunnerWithArgs(JUnit4IdeaTestRunner.java:68) [junit-rt.jar:na]
	at com.intellij.rt.execution.junit.IdeaTestRunner$Repeater.startRunnerWithArgs(IdeaTestRunner.java:47) [junit-rt.jar:na]
	at com.intellij.rt.execution.junit.JUnitStarter.prepareStreamsAndStart(JUnitStarter.java:242) [junit-rt.jar:na]
	at com.intellij.rt.execution.junit.JUnitStarter.main(JUnitStarter.java:70) [junit-rt.jar:na]
Caused by: java.net.BindException: Address already in use: JVM_Bind
	at java.net.DualStackPlainSocketImpl.bind0(Native Method) ~[na:1.8.0_91]
	at java.net.DualStackPlainSocketImpl.socketBind(DualStackPlainSocketImpl.java:106) ~[na:1.8.0_91]
	at java.net.AbstractPlainSocketImpl.bind(AbstractPlainSocketImpl.java:387) ~[na:1.8.0_91]
	at java.net.PlainSocketImpl.bind(PlainSocketImpl.java:190) ~[na:1.8.0_91]
	at java.net.ServerSocket.bind(ServerSocket.java:375) ~[na:1.8.0_91]
	at java.net.ServerSocket.<init>(ServerSocket.java:237) ~[na:1.8.0_91]
	at java.net.ServerSocket.<init>(ServerSocket.java:128) ~[na:1.8.0_91]
	at sun.rmi.transport.proxy.RMIDirectSocketFactory.createServerSocket(RMIDirectSocketFactory.java:45) ~[na:1.8.0_91]
	at sun.rmi.transport.proxy.RMIMasterSocketFactory.createServerSocket(RMIMasterSocketFactory.java:345) ~[na:1.8.0_91]
	at sun.rmi.transport.tcp.TCPEndpoint.newServerSocket(TCPEndpoint.java:666) ~[na:1.8.0_91]
	at sun.rmi.transport.tcp.TCPTransport.listen(TCPTransport.java:330) ~[na:1.8.0_91]
	... 62 common frames omitted
