2018-07-05 09:16:57.775 [main] WARN  RMICacheManagerPeerListener - Explicitly setting the listener hostname to 'localhost' is not recommended. It will only work if all CacheManager peers are on the same machine.
2018-07-05 09:17:04.451 [main] INFO  Version - Hibernate Validator 4.2.0.Final
2018-07-05 09:17:15.782 [main] INFO  ReflectionServiceFactoryBean - Creating Service {http://test.ws.demo.web.jeecgframework.org/}JeecgWServiceImplService from class org.jeecgframework.web.demo.ws.test.JeecgWServiceI
2018-07-05 09:17:16.891 [main] INFO  ServerImpl - Setting the server's publish address to be /JeecgWService
2018-07-05 09:17:16.986 [main] INFO  ReflectionServiceFactoryBean - Creating Service {http://test.ws.demo.web.jeecgframework.org/}JeecgWDemoServiceImplService from class org.jeecgframework.web.demo.ws.test.JeecgWServiceI
2018-07-05 09:17:16.997 [main] INFO  ServerImpl - Setting the server's publish address to be /JeecgWDemoService
2018-07-05 09:25:17.714 [main] WARN  RMICacheManagerPeerListener - Explicitly setting the listener hostname to 'localhost' is not recommended. It will only work if all CacheManager peers are on the same machine.
2018-07-05 09:25:19.897 [main] INFO  Version - Hibernate Validator 4.2.0.Final
2018-07-05 09:25:38.602 [main] INFO  ReflectionServiceFactoryBean - Creating Service {http://test.ws.demo.web.jeecgframework.org/}JeecgWServiceImplService from class org.jeecgframework.web.demo.ws.test.JeecgWServiceI
2018-07-05 09:25:39.944 [main] WARN  RMICacheManagerPeerListener - Explicitly setting the listener hostname to 'localhost' is not recommended. It will only work if all CacheManager peers are on the same machine.
2018-07-05 09:25:46.969 [main] INFO  ServerImpl - Setting the server's publish address to be /JeecgWService
2018-07-05 09:25:47.208 [main] INFO  ReflectionServiceFactoryBean - Creating Service {http://test.ws.demo.web.jeecgframework.org/}JeecgWDemoServiceImplService from class org.jeecgframework.web.demo.ws.test.JeecgWServiceI
2018-07-05 09:25:47.226 [main] INFO  ServerImpl - Setting the server's publish address to be /JeecgWDemoService
2018-07-05 09:25:49.294 [main] INFO  Version - Hibernate Validator 4.2.0.Final
2018-07-05 09:25:59.094 [main] INFO  ReflectionServiceFactoryBean - Creating Service {http://test.ws.demo.web.jeecgframework.org/}JeecgWServiceImplService from class org.jeecgframework.web.demo.ws.test.JeecgWServiceI
2018-07-05 09:26:00.009 [main] INFO  ServerImpl - Setting the server's publish address to be /JeecgWService
2018-07-05 09:26:00.155 [main] INFO  ReflectionServiceFactoryBean - Creating Service {http://test.ws.demo.web.jeecgframework.org/}JeecgWDemoServiceImplService from class org.jeecgframework.web.demo.ws.test.JeecgWServiceI
2018-07-05 09:26:00.170 [main] INFO  ServerImpl - Setting the server's publish address to be /JeecgWDemoService
2018-07-05 09:27:53.170 [main] WARN  RMICacheManagerPeerListener - Explicitly setting the listener hostname to 'localhost' is not recommended. It will only work if all CacheManager peers are on the same machine.
2018-07-05 09:27:54.453 [main] INFO  Version - Hibernate Validator 4.2.0.Final
2018-07-05 09:28:01.175 [main] INFO  ReflectionServiceFactoryBean - Creating Service {http://test.ws.demo.web.jeecgframework.org/}JeecgWServiceImplService from class org.jeecgframework.web.demo.ws.test.JeecgWServiceI
2018-07-05 09:28:02.006 [main] INFO  ServerImpl - Setting the server's publish address to be /JeecgWService
2018-07-05 09:28:02.142 [main] INFO  ReflectionServiceFactoryBean - Creating Service {http://test.ws.demo.web.jeecgframework.org/}JeecgWDemoServiceImplService from class org.jeecgframework.web.demo.ws.test.JeecgWServiceI
2018-07-05 09:28:02.156 [main] INFO  ServerImpl - Setting the server's publish address to be /JeecgWDemoService
2018-07-05 09:29:07.364 [main] WARN  RMICacheManagerPeerListener - Explicitly setting the listener hostname to 'localhost' is not recommended. It will only work if all CacheManager peers are on the same machine.
2018-07-05 09:29:09.163 [main] INFO  Version - Hibernate Validator 4.2.0.Final
2018-07-05 09:29:16.107 [main] INFO  ReflectionServiceFactoryBean - Creating Service {http://test.ws.demo.web.jeecgframework.org/}JeecgWServiceImplService from class org.jeecgframework.web.demo.ws.test.JeecgWServiceI
2018-07-05 09:29:17.040 [main] INFO  ServerImpl - Setting the server's publish address to be /JeecgWService
2018-07-05 09:29:17.166 [main] INFO  ReflectionServiceFactoryBean - Creating Service {http://test.ws.demo.web.jeecgframework.org/}JeecgWDemoServiceImplService from class org.jeecgframework.web.demo.ws.test.JeecgWServiceI
2018-07-05 09:29:17.192 [main] INFO  ServerImpl - Setting the server's publish address to be /JeecgWDemoService
2018-07-05 11:29:36.677 [main] WARN  RMICacheManagerPeerListener - Explicitly setting the listener hostname to 'localhost' is not recommended. It will only work if all CacheManager peers are on the same machine.
2018-07-05 11:29:41.318 [main] ERROR RMICacheManagerPeerListener - Exception starting RMI registry. Error was Port already in use: 40001; nested exception is: 
	java.net.BindException: Address already in use: JVM_Bind
java.rmi.server.ExportException: Port already in use: 40001; nested exception is: 
	java.net.BindException: Address already in use: JVM_Bind
	at sun.rmi.transport.tcp.TCPTransport.listen(TCPTransport.java:341) ~[na:1.8.0_91]
	at sun.rmi.transport.tcp.TCPTransport.exportObject(TCPTransport.java:249) ~[na:1.8.0_91]
	at sun.rmi.transport.tcp.TCPEndpoint.exportObject(TCPEndpoint.java:411) ~[na:1.8.0_91]
	at sun.rmi.transport.LiveRef.exportObject(LiveRef.java:147) ~[na:1.8.0_91]
	at sun.rmi.server.UnicastServerRef.exportObject(UnicastServerRef.java:212) ~[na:1.8.0_91]
	at sun.rmi.registry.RegistryImpl.setup(RegistryImpl.java:152) ~[na:1.8.0_91]
	at sun.rmi.registry.RegistryImpl.<init>(RegistryImpl.java:137) ~[na:1.8.0_91]
	at java.rmi.registry.LocateRegistry.createRegistry(LocateRegistry.java:203) ~[na:1.8.0_91]
	at net.sf.ehcache.distribution.RMICacheManagerPeerListener.startRegistry(RMICacheManagerPeerListener.java:326) [ehcache-core-2.4.3.jar:na]
	at net.sf.ehcache.distribution.RMICacheManagerPeerListener.init(RMICacheManagerPeerListener.java:205) [ehcache-core-2.4.3.jar:na]
	at net.sf.ehcache.event.CacheManagerEventListenerRegistry.init(CacheManagerEventListenerRegistry.java:104) [ehcache-core-2.4.3.jar:na]
	at net.sf.ehcache.CacheManager.init(CacheManager.java:365) [ehcache-core-2.4.3.jar:na]
	at net.sf.ehcache.CacheManager.<init>(CacheManager.java:299) [ehcache-core-2.4.3.jar:na]
	at net.sf.ehcache.CacheManager.create(CacheManager.java:697) [ehcache-core-2.4.3.jar:na]
	at net.sf.ehcache.CacheManager.getInstance(CacheManager.java:717) [ehcache-core-2.4.3.jar:na]
	at org.jeecgframework.core.aop.EhcacheAspect.<clinit>(EhcacheAspect.java:33) [classes/:na]
	at sun.reflect.NativeConstructorAccessorImpl.newInstance0(Native Method) [na:1.8.0_91]
	at sun.reflect.NativeConstructorAccessorImpl.newInstance(NativeConstructorAccessorImpl.java:62) [na:1.8.0_91]
	at sun.reflect.DelegatingConstructorAccessorImpl.newInstance(DelegatingConstructorAccessorImpl.java:45) [na:1.8.0_91]
	at java.lang.reflect.Constructor.newInstance(Constructor.java:423) [na:1.8.0_91]
	at org.springframework.beans.BeanUtils.instantiateClass(BeanUtils.java:148) [spring-beans-4.0.9.RELEASE.jar:4.0.9.RELEASE]
	at org.springframework.beans.factory.support.SimpleInstantiationStrategy.instantiate(SimpleInstantiationStrategy.java:89) [spring-beans-4.0.9.RELEASE.jar:4.0.9.RELEASE]
	at org.springframework.beans.factory.support.AbstractAutowireCapableBeanFactory.instantiateBean(AbstractAutowireCapableBeanFactory.java:1070) [spring-beans-4.0.9.RELEASE.jar:4.0.9.RELEASE]
	at org.springframework.beans.factory.support.AbstractAutowireCapableBeanFactory.createBeanInstance(AbstractAutowireCapableBeanFactory.java:1022) [spring-beans-4.0.9.RELEASE.jar:4.0.9.RELEASE]
	at org.springframework.beans.factory.support.AbstractAutowireCapableBeanFactory.doCreateBean(AbstractAutowireCapableBeanFactory.java:504) [spring-beans-4.0.9.RELEASE.jar:4.0.9.RELEASE]
	at org.springframework.beans.factory.support.AbstractAutowireCapableBeanFactory.createBean(AbstractAutowireCapableBeanFactory.java:475) [spring-beans-4.0.9.RELEASE.jar:4.0.9.RELEASE]
	at org.springframework.beans.factory.support.AbstractBeanFactory$1.getObject(AbstractBeanFactory.java:302) [spring-beans-4.0.9.RELEASE.jar:4.0.9.RELEASE]
	at org.springframework.beans.factory.support.DefaultSingletonBeanRegistry.getSingleton(DefaultSingletonBeanRegistry.java:229) [spring-beans-4.0.9.RELEASE.jar:4.0.9.RELEASE]
	at org.springframework.beans.factory.support.AbstractBeanFactory.doGetBean(AbstractBeanFactory.java:298) [spring-beans-4.0.9.RELEASE.jar:4.0.9.RELEASE]
	at org.springframework.beans.factory.support.AbstractBeanFactory.getBean(AbstractBeanFactory.java:193) [spring-beans-4.0.9.RELEASE.jar:4.0.9.RELEASE]
	at org.springframework.beans.factory.support.DefaultListableBeanFactory.preInstantiateSingletons(DefaultListableBeanFactory.java:706) [spring-beans-4.0.9.RELEASE.jar:4.0.9.RELEASE]
	at org.springframework.context.support.AbstractApplicationContext.finishBeanFactoryInitialization(AbstractApplicationContext.java:762) [spring-context-4.0.9.RELEASE.jar:4.0.9.RELEASE]
	at org.springframework.context.support.AbstractApplicationContext.refresh(AbstractApplicationContext.java:482) [spring-context-4.0.9.RELEASE.jar:4.0.9.RELEASE]
	at org.springframework.test.context.web.AbstractGenericWebContextLoader.loadContext(AbstractGenericWebContextLoader.java:132) [spring-test-4.0.9.RELEASE.jar:4.0.9.RELEASE]
	at org.springframework.test.context.web.AbstractGenericWebContextLoader.loadContext(AbstractGenericWebContextLoader.java:59) [spring-test-4.0.9.RELEASE.jar:4.0.9.RELEASE]
	at org.springframework.test.context.support.AbstractDelegatingSmartContextLoader.delegateLoading(AbstractDelegatingSmartContextLoader.java:102) [spring-test-4.0.9.RELEASE.jar:4.0.9.RELEASE]
	at org.springframework.test.context.support.AbstractDelegatingSmartContextLoader.loadContext(AbstractDelegatingSmartContextLoader.java:248) [spring-test-4.0.9.RELEASE.jar:4.0.9.RELEASE]
	at org.springframework.test.context.CacheAwareContextLoaderDelegate.loadContextInternal(CacheAwareContextLoaderDelegate.java:69) [spring-test-4.0.9.RELEASE.jar:4.0.9.RELEASE]
	at org.springframework.test.context.CacheAwareContextLoaderDelegate.loadContext(CacheAwareContextLoaderDelegate.java:95) [spring-test-4.0.9.RELEASE.jar:4.0.9.RELEASE]
	at org.springframework.test.context.DefaultTestContext.getApplicationContext(DefaultTestContext.java:98) [spring-test-4.0.9.RELEASE.jar:4.0.9.RELEASE]
	at org.springframework.test.context.web.ServletTestExecutionListener.setUpRequestContextIfNecessary(ServletTestExecutionListener.java:161) [spring-test-4.0.9.RELEASE.jar:4.0.9.RELEASE]
	at org.springframework.test.context.web.ServletTestExecutionListener.prepareTestInstance(ServletTestExecutionListener.java:101) [spring-test-4.0.9.RELEASE.jar:4.0.9.RELEASE]
	at org.springframework.test.context.TestContextManager.prepareTestInstance(TestContextManager.java:331) [spring-test-4.0.9.RELEASE.jar:4.0.9.RELEASE]
	at org.springframework.test.context.junit4.SpringJUnit4ClassRunner.createTest(SpringJUnit4ClassRunner.java:213) [spring-test-4.0.9.RELEASE.jar:4.0.9.RELEASE]
	at org.springframework.test.context.junit4.SpringJUnit4ClassRunner$1.runReflectiveCall(SpringJUnit4ClassRunner.java:290) [spring-test-4.0.9.RELEASE.jar:4.0.9.RELEASE]
	at org.junit.internal.runners.model.ReflectiveCallable.run(ReflectiveCallable.java:12) [junit-4.12.jar:4.12]
	at org.springframework.test.context.junit4.SpringJUnit4ClassRunner.methodBlock(SpringJUnit4ClassRunner.java:292) [spring-test-4.0.9.RELEASE.jar:4.0.9.RELEASE]
	at org.springframework.test.context.junit4.SpringJUnit4ClassRunner.runChild(SpringJUnit4ClassRunner.java:233) [spring-test-4.0.9.RELEASE.jar:4.0.9.RELEASE]
	at org.springframework.test.context.junit4.SpringJUnit4ClassRunner.runChild(SpringJUnit4ClassRunner.java:87) [spring-test-4.0.9.RELEASE.jar:4.0.9.RELEASE]
	at org.junit.runners.ParentRunner$3.run(ParentRunner.java:290) [junit-4.12.jar:4.12]
	at org.junit.runners.ParentRunner$1.schedule(ParentRunner.java:71) [junit-4.12.jar:4.12]
	at org.junit.runners.ParentRunner.runChildren(ParentRunner.java:288) [junit-4.12.jar:4.12]
	at org.junit.runners.ParentRunner.access$000(ParentRunner.java:58) [junit-4.12.jar:4.12]
	at org.junit.runners.ParentRunner$2.evaluate(ParentRunner.java:268) [junit-4.12.jar:4.12]
	at org.springframework.test.context.junit4.statements.RunBeforeTestClassCallbacks.evaluate(RunBeforeTestClassCallbacks.java:61) [spring-test-4.0.9.RELEASE.jar:4.0.9.RELEASE]
	at org.springframework.test.context.junit4.statements.RunAfterTestClassCallbacks.evaluate(RunAfterTestClassCallbacks.java:71) [spring-test-4.0.9.RELEASE.jar:4.0.9.RELEASE]
	at org.junit.runners.ParentRunner.run(ParentRunner.java:363) [junit-4.12.jar:4.12]
	at org.springframework.test.context.junit4.SpringJUnit4ClassRunner.run(SpringJUnit4ClassRunner.java:176) [spring-test-4.0.9.RELEASE.jar:4.0.9.RELEASE]
	at org.junit.runner.JUnitCore.run(JUnitCore.java:137) [junit-4.12.jar:4.12]
	at com.intellij.junit4.JUnit4IdeaTestRunner.startRunnerWithArgs(JUnit4IdeaTestRunner.java:68) [junit-rt.jar:na]
	at com.intellij.rt.execution.junit.IdeaTestRunner$Repeater.startRunnerWithArgs(IdeaTestRunner.java:47) [junit-rt.jar:na]
	at com.intellij.rt.execution.junit.JUnitStarter.prepareStreamsAndStart(JUnitStarter.java:242) [junit-rt.jar:na]
	at com.intellij.rt.execution.junit.JUnitStarter.main(JUnitStarter.java:70) [junit-rt.jar:na]
Caused by: java.net.BindException: Address already in use: JVM_Bind
	at java.net.DualStackPlainSocketImpl.bind0(Native Method) ~[na:1.8.0_91]
	at java.net.DualStackPlainSocketImpl.socketBind(DualStackPlainSocketImpl.java:106) ~[na:1.8.0_91]
	at java.net.AbstractPlainSocketImpl.bind(AbstractPlainSocketImpl.java:387) ~[na:1.8.0_91]
	at java.net.PlainSocketImpl.bind(PlainSocketImpl.java:190) ~[na:1.8.0_91]
	at java.net.ServerSocket.bind(ServerSocket.java:375) ~[na:1.8.0_91]
	at java.net.ServerSocket.<init>(ServerSocket.java:237) ~[na:1.8.0_91]
	at java.net.ServerSocket.<init>(ServerSocket.java:128) ~[na:1.8.0_91]
	at sun.rmi.transport.proxy.RMIDirectSocketFactory.createServerSocket(RMIDirectSocketFactory.java:45) ~[na:1.8.0_91]
	at sun.rmi.transport.proxy.RMIMasterSocketFactory.createServerSocket(RMIMasterSocketFactory.java:345) ~[na:1.8.0_91]
	at sun.rmi.transport.tcp.TCPEndpoint.newServerSocket(TCPEndpoint.java:666) ~[na:1.8.0_91]
	at sun.rmi.transport.tcp.TCPTransport.listen(TCPTransport.java:330) ~[na:1.8.0_91]
	... 62 common frames omitted
2018-07-05 11:34:36.197 [main] WARN  RMICacheManagerPeerListener - Explicitly setting the listener hostname to 'localhost' is not recommended. It will only work if all CacheManager peers are on the same machine.
2018-07-05 11:34:40.280 [main] INFO  Version - Hibernate Validator 4.2.0.Final
2018-07-05 11:34:48.826 [main] INFO  ReflectionServiceFactoryBean - Creating Service {http://test.ws.demo.web.jeecgframework.org/}JeecgWServiceImplService from class org.jeecgframework.web.demo.ws.test.JeecgWServiceI
2018-07-05 11:34:50.344 [main] INFO  ServerImpl - Setting the server's publish address to be /JeecgWService
2018-07-05 11:34:50.486 [main] INFO  ReflectionServiceFactoryBean - Creating Service {http://test.ws.demo.web.jeecgframework.org/}JeecgWDemoServiceImplService from class org.jeecgframework.web.demo.ws.test.JeecgWServiceI
2018-07-05 11:34:50.499 [main] INFO  ServerImpl - Setting the server's publish address to be /JeecgWDemoService
2018-07-05 11:36:32.111 [main] WARN  RMICacheManagerPeerListener - Explicitly setting the listener hostname to 'localhost' is not recommended. It will only work if all CacheManager peers are on the same machine.
2018-07-05 11:36:34.719 [main] INFO  Version - Hibernate Validator 4.2.0.Final
2018-07-05 11:36:42.077 [main] INFO  ReflectionServiceFactoryBean - Creating Service {http://test.ws.demo.web.jeecgframework.org/}JeecgWServiceImplService from class org.jeecgframework.web.demo.ws.test.JeecgWServiceI
2018-07-05 11:36:42.732 [main] INFO  ServerImpl - Setting the server's publish address to be /JeecgWService
2018-07-05 11:36:42.837 [main] INFO  ReflectionServiceFactoryBean - Creating Service {http://test.ws.demo.web.jeecgframework.org/}JeecgWDemoServiceImplService from class org.jeecgframework.web.demo.ws.test.JeecgWServiceI
2018-07-05 11:36:42.849 [main] INFO  ServerImpl - Setting the server's publish address to be /JeecgWDemoService
2018-07-05 11:40:38.958 [main] WARN  RMICacheManagerPeerListener - Explicitly setting the listener hostname to 'localhost' is not recommended. It will only work if all CacheManager peers are on the same machine.
2018-07-05 11:40:41.653 [main] INFO  Version - Hibernate Validator 4.2.0.Final
2018-07-05 11:40:48.634 [main] INFO  ReflectionServiceFactoryBean - Creating Service {http://test.ws.demo.web.jeecgframework.org/}JeecgWServiceImplService from class org.jeecgframework.web.demo.ws.test.JeecgWServiceI
2018-07-05 11:40:49.308 [main] INFO  ServerImpl - Setting the server's publish address to be /JeecgWService
2018-07-05 11:40:49.401 [main] INFO  ReflectionServiceFactoryBean - Creating Service {http://test.ws.demo.web.jeecgframework.org/}JeecgWDemoServiceImplService from class org.jeecgframework.web.demo.ws.test.JeecgWServiceI
2018-07-05 11:40:49.418 [main] INFO  ServerImpl - Setting the server's publish address to be /JeecgWDemoService
2018-07-05 11:43:15.676 [main] WARN  RMICacheManagerPeerListener - Explicitly setting the listener hostname to 'localhost' is not recommended. It will only work if all CacheManager peers are on the same machine.
2018-07-05 11:43:17.956 [main] INFO  Version - Hibernate Validator 4.2.0.Final
2018-07-05 11:43:24.721 [main] INFO  ReflectionServiceFactoryBean - Creating Service {http://test.ws.demo.web.jeecgframework.org/}JeecgWServiceImplService from class org.jeecgframework.web.demo.ws.test.JeecgWServiceI
2018-07-05 11:43:25.458 [main] INFO  ServerImpl - Setting the server's publish address to be /JeecgWService
2018-07-05 11:43:25.610 [main] INFO  ReflectionServiceFactoryBean - Creating Service {http://test.ws.demo.web.jeecgframework.org/}JeecgWDemoServiceImplService from class org.jeecgframework.web.demo.ws.test.JeecgWServiceI
2018-07-05 11:43:25.627 [main] INFO  ServerImpl - Setting the server's publish address to be /JeecgWDemoService
2018-07-05 11:43:54.823 [main] WARN  RMICacheManagerPeerListener - Explicitly setting the listener hostname to 'localhost' is not recommended. It will only work if all CacheManager peers are on the same machine.
2018-07-05 11:43:57.436 [main] INFO  Version - Hibernate Validator 4.2.0.Final
2018-07-05 11:44:05.267 [main] INFO  ReflectionServiceFactoryBean - Creating Service {http://test.ws.demo.web.jeecgframework.org/}JeecgWServiceImplService from class org.jeecgframework.web.demo.ws.test.JeecgWServiceI
2018-07-05 11:44:05.920 [main] INFO  ServerImpl - Setting the server's publish address to be /JeecgWService
2018-07-05 11:44:06.034 [main] INFO  ReflectionServiceFactoryBean - Creating Service {http://test.ws.demo.web.jeecgframework.org/}JeecgWDemoServiceImplService from class org.jeecgframework.web.demo.ws.test.JeecgWServiceI
2018-07-05 11:44:06.050 [main] INFO  ServerImpl - Setting the server's publish address to be /JeecgWDemoService
2018-07-05 11:44:43.710 [main] WARN  RMICacheManagerPeerListener - Explicitly setting the listener hostname to 'localhost' is not recommended. It will only work if all CacheManager peers are on the same machine.
2018-07-05 11:44:46.280 [main] INFO  Version - Hibernate Validator 4.2.0.Final
2018-07-05 11:44:53.308 [main] INFO  ReflectionServiceFactoryBean - Creating Service {http://test.ws.demo.web.jeecgframework.org/}JeecgWServiceImplService from class org.jeecgframework.web.demo.ws.test.JeecgWServiceI
2018-07-05 11:44:54.122 [main] INFO  ServerImpl - Setting the server's publish address to be /JeecgWService
2018-07-05 11:44:54.250 [main] INFO  ReflectionServiceFactoryBean - Creating Service {http://test.ws.demo.web.jeecgframework.org/}JeecgWDemoServiceImplService from class org.jeecgframework.web.demo.ws.test.JeecgWServiceI
2018-07-05 11:44:54.266 [main] INFO  ServerImpl - Setting the server's publish address to be /JeecgWDemoService
2018-07-05 11:46:59.620 [main] WARN  RMICacheManagerPeerListener - Explicitly setting the listener hostname to 'localhost' is not recommended. It will only work if all CacheManager peers are on the same machine.
2018-07-05 11:47:02.168 [main] INFO  Version - Hibernate Validator 4.2.0.Final
2018-07-05 11:47:08.967 [main] INFO  ReflectionServiceFactoryBean - Creating Service {http://test.ws.demo.web.jeecgframework.org/}JeecgWServiceImplService from class org.jeecgframework.web.demo.ws.test.JeecgWServiceI
2018-07-05 11:47:09.565 [main] INFO  ServerImpl - Setting the server's publish address to be /JeecgWService
2018-07-05 11:47:09.689 [main] INFO  ReflectionServiceFactoryBean - Creating Service {http://test.ws.demo.web.jeecgframework.org/}JeecgWDemoServiceImplService from class org.jeecgframework.web.demo.ws.test.JeecgWServiceI
2018-07-05 11:47:09.705 [main] INFO  ServerImpl - Setting the server's publish address to be /JeecgWDemoService
2018-07-05 11:48:54.883 [main] WARN  RMICacheManagerPeerListener - Explicitly setting the listener hostname to 'localhost' is not recommended. It will only work if all CacheManager peers are on the same machine.
2018-07-05 11:48:57.413 [main] INFO  Version - Hibernate Validator 4.2.0.Final
2018-07-05 11:49:04.926 [main] INFO  ReflectionServiceFactoryBean - Creating Service {http://test.ws.demo.web.jeecgframework.org/}JeecgWServiceImplService from class org.jeecgframework.web.demo.ws.test.JeecgWServiceI
2018-07-05 11:49:05.950 [main] INFO  ServerImpl - Setting the server's publish address to be /JeecgWService
2018-07-05 11:49:06.238 [main] INFO  ReflectionServiceFactoryBean - Creating Service {http://test.ws.demo.web.jeecgframework.org/}JeecgWDemoServiceImplService from class org.jeecgframework.web.demo.ws.test.JeecgWServiceI
2018-07-05 11:49:06.256 [main] INFO  ServerImpl - Setting the server's publish address to be /JeecgWDemoService
2018-07-05 13:43:28.455 [main] WARN  RMICacheManagerPeerListener - Explicitly setting the listener hostname to 'localhost' is not recommended. It will only work if all CacheManager peers are on the same machine.
2018-07-05 13:43:45.906 [main] INFO  Version - Hibernate Validator 4.2.0.Final
2018-07-05 13:43:55.476 [main] INFO  ReflectionServiceFactoryBean - Creating Service {http://test.ws.demo.web.jeecgframework.org/}JeecgWServiceImplService from class org.jeecgframework.web.demo.ws.test.JeecgWServiceI
2018-07-05 13:43:56.712 [main] INFO  ServerImpl - Setting the server's publish address to be /JeecgWService
2018-07-05 13:43:56.844 [main] INFO  ReflectionServiceFactoryBean - Creating Service {http://test.ws.demo.web.jeecgframework.org/}JeecgWDemoServiceImplService from class org.jeecgframework.web.demo.ws.test.JeecgWServiceI
2018-07-05 13:43:56.858 [main] INFO  ServerImpl - Setting the server's publish address to be /JeecgWDemoService
2018-07-05 13:44:45.425 [main] WARN  RMICacheManagerPeerListener - Explicitly setting the listener hostname to 'localhost' is not recommended. It will only work if all CacheManager peers are on the same machine.
2018-07-05 13:44:47.901 [main] INFO  Version - Hibernate Validator 4.2.0.Final
2018-07-05 13:44:55.469 [main] INFO  ReflectionServiceFactoryBean - Creating Service {http://test.ws.demo.web.jeecgframework.org/}JeecgWServiceImplService from class org.jeecgframework.web.demo.ws.test.JeecgWServiceI
2018-07-05 13:44:56.318 [main] INFO  ServerImpl - Setting the server's publish address to be /JeecgWService
2018-07-05 13:44:56.459 [main] INFO  ReflectionServiceFactoryBean - Creating Service {http://test.ws.demo.web.jeecgframework.org/}JeecgWDemoServiceImplService from class org.jeecgframework.web.demo.ws.test.JeecgWServiceI
2018-07-05 13:44:56.478 [main] INFO  ServerImpl - Setting the server's publish address to be /JeecgWDemoService
2018-07-05 13:47:30.977 [main] WARN  RMICacheManagerPeerListener - Explicitly setting the listener hostname to 'localhost' is not recommended. It will only work if all CacheManager peers are on the same machine.
2018-07-05 13:47:33.413 [main] INFO  Version - Hibernate Validator 4.2.0.Final
2018-07-05 13:47:40.491 [main] INFO  ReflectionServiceFactoryBean - Creating Service {http://test.ws.demo.web.jeecgframework.org/}JeecgWServiceImplService from class org.jeecgframework.web.demo.ws.test.JeecgWServiceI
2018-07-05 13:47:41.188 [main] INFO  ServerImpl - Setting the server's publish address to be /JeecgWService
2018-07-05 13:47:41.333 [main] INFO  ReflectionServiceFactoryBean - Creating Service {http://test.ws.demo.web.jeecgframework.org/}JeecgWDemoServiceImplService from class org.jeecgframework.web.demo.ws.test.JeecgWServiceI
2018-07-05 13:47:41.347 [main] INFO  ServerImpl - Setting the server's publish address to be /JeecgWDemoService
2018-07-05 13:48:48.149 [main] WARN  RMICacheManagerPeerListener - Explicitly setting the listener hostname to 'localhost' is not recommended. It will only work if all CacheManager peers are on the same machine.
2018-07-05 13:48:50.587 [main] INFO  Version - Hibernate Validator 4.2.0.Final
2018-07-05 13:48:57.776 [main] INFO  ReflectionServiceFactoryBean - Creating Service {http://test.ws.demo.web.jeecgframework.org/}JeecgWServiceImplService from class org.jeecgframework.web.demo.ws.test.JeecgWServiceI
2018-07-05 13:48:58.724 [main] INFO  ServerImpl - Setting the server's publish address to be /JeecgWService
2018-07-05 13:48:58.858 [main] INFO  ReflectionServiceFactoryBean - Creating Service {http://test.ws.demo.web.jeecgframework.org/}JeecgWDemoServiceImplService from class org.jeecgframework.web.demo.ws.test.JeecgWServiceI
2018-07-05 13:48:58.871 [main] INFO  ServerImpl - Setting the server's publish address to be /JeecgWDemoService
2018-07-05 14:17:08.782 [main] WARN  RMICacheManagerPeerListener - Explicitly setting the listener hostname to 'localhost' is not recommended. It will only work if all CacheManager peers are on the same machine.
2018-07-05 14:17:13.954 [main] INFO  Version - Hibernate Validator 4.2.0.Final
2018-07-05 14:17:28.020 [main] INFO  ReflectionServiceFactoryBean - Creating Service {http://test.ws.demo.web.jeecgframework.org/}JeecgWServiceImplService from class org.jeecgframework.web.demo.ws.test.JeecgWServiceI
2018-07-05 14:17:29.681 [main] INFO  ServerImpl - Setting the server's publish address to be /JeecgWService
2018-07-05 14:17:29.837 [main] INFO  ReflectionServiceFactoryBean - Creating Service {http://test.ws.demo.web.jeecgframework.org/}JeecgWDemoServiceImplService from class org.jeecgframework.web.demo.ws.test.JeecgWServiceI
2018-07-05 14:17:29.854 [main] INFO  ServerImpl - Setting the server's publish address to be /JeecgWDemoService
2018-07-05 14:19:42.917 [main] WARN  RMICacheManagerPeerListener - Explicitly setting the listener hostname to 'localhost' is not recommended. It will only work if all CacheManager peers are on the same machine.
2018-07-05 14:19:45.668 [main] INFO  Version - Hibernate Validator 4.2.0.Final
2018-07-05 14:20:08.268 [main] INFO  ReflectionServiceFactoryBean - Creating Service {http://test.ws.demo.web.jeecgframework.org/}JeecgWServiceImplService from class org.jeecgframework.web.demo.ws.test.JeecgWServiceI
2018-07-05 14:20:09.739 [main] INFO  ServerImpl - Setting the server's publish address to be /JeecgWService
2018-07-05 14:20:09.939 [main] INFO  ReflectionServiceFactoryBean - Creating Service {http://test.ws.demo.web.jeecgframework.org/}JeecgWDemoServiceImplService from class org.jeecgframework.web.demo.ws.test.JeecgWServiceI
2018-07-05 14:20:09.955 [main] INFO  ServerImpl - Setting the server's publish address to be /JeecgWDemoService
2018-07-05 14:26:38.800 [main] WARN  RMICacheManagerPeerListener - Explicitly setting the listener hostname to 'localhost' is not recommended. It will only work if all CacheManager peers are on the same machine.
2018-07-05 14:26:50.946 [main] INFO  Version - Hibernate Validator 4.2.0.Final
2018-07-05 14:26:58.899 [main] INFO  ReflectionServiceFactoryBean - Creating Service {http://test.ws.demo.web.jeecgframework.org/}JeecgWServiceImplService from class org.jeecgframework.web.demo.ws.test.JeecgWServiceI
2018-07-05 14:26:59.775 [main] INFO  ServerImpl - Setting the server's publish address to be /JeecgWService
2018-07-05 14:26:59.946 [main] INFO  ReflectionServiceFactoryBean - Creating Service {http://test.ws.demo.web.jeecgframework.org/}JeecgWDemoServiceImplService from class org.jeecgframework.web.demo.ws.test.JeecgWServiceI
2018-07-05 14:26:59.960 [main] INFO  ServerImpl - Setting the server's publish address to be /JeecgWDemoService
2018-07-05 15:33:03.720 [main] WARN  RMICacheManagerPeerListener - Explicitly setting the listener hostname to 'localhost' is not recommended. It will only work if all CacheManager peers are on the same machine.
2018-07-05 15:33:22.559 [main] INFO  Version - Hibernate Validator 4.2.0.Final
2018-07-05 15:33:32.911 [main] INFO  ReflectionServiceFactoryBean - Creating Service {http://test.ws.demo.web.jeecgframework.org/}JeecgWServiceImplService from class org.jeecgframework.web.demo.ws.test.JeecgWServiceI
2018-07-05 15:33:34.349 [main] INFO  ServerImpl - Setting the server's publish address to be /JeecgWService
2018-07-05 15:33:34.487 [main] INFO  ReflectionServiceFactoryBean - Creating Service {http://test.ws.demo.web.jeecgframework.org/}JeecgWDemoServiceImplService from class org.jeecgframework.web.demo.ws.test.JeecgWServiceI
2018-07-05 15:33:34.498 [main] INFO  ServerImpl - Setting the server's publish address to be /JeecgWDemoService
2018-07-05 15:34:29.014 [main] WARN  RMICacheManagerPeerListener - Explicitly setting the listener hostname to 'localhost' is not recommended. It will only work if all CacheManager peers are on the same machine.
2018-07-05 15:34:30.739 [main] INFO  Version - Hibernate Validator 4.2.0.Final
2018-07-05 15:34:39.010 [main] INFO  ReflectionServiceFactoryBean - Creating Service {http://test.ws.demo.web.jeecgframework.org/}JeecgWServiceImplService from class org.jeecgframework.web.demo.ws.test.JeecgWServiceI
2018-07-05 15:34:39.903 [main] INFO  ServerImpl - Setting the server's publish address to be /JeecgWService
2018-07-05 15:34:40.040 [main] INFO  ReflectionServiceFactoryBean - Creating Service {http://test.ws.demo.web.jeecgframework.org/}JeecgWDemoServiceImplService from class org.jeecgframework.web.demo.ws.test.JeecgWServiceI
2018-07-05 15:34:40.059 [main] INFO  ServerImpl - Setting the server's publish address to be /JeecgWDemoService
2018-07-05 15:35:31.711 [main] WARN  RMICacheManagerPeerListener - Explicitly setting the listener hostname to 'localhost' is not recommended. It will only work if all CacheManager peers are on the same machine.
2018-07-05 15:36:44.255 [main] INFO  Version - Hibernate Validator 4.2.0.Final
2018-07-05 15:37:01.258 [main] INFO  ReflectionServiceFactoryBean - Creating Service {http://test.ws.demo.web.jeecgframework.org/}JeecgWServiceImplService from class org.jeecgframework.web.demo.ws.test.JeecgWServiceI
2018-07-05 15:37:02.433 [main] INFO  ServerImpl - Setting the server's publish address to be /JeecgWService
2018-07-05 15:37:02.581 [main] INFO  ReflectionServiceFactoryBean - Creating Service {http://test.ws.demo.web.jeecgframework.org/}JeecgWDemoServiceImplService from class org.jeecgframework.web.demo.ws.test.JeecgWServiceI
2018-07-05 15:37:02.593 [main] INFO  ServerImpl - Setting the server's publish address to be /JeecgWDemoService
2018-07-05 15:41:25.030 [main] WARN  RMICacheManagerPeerListener - Explicitly setting the listener hostname to 'localhost' is not recommended. It will only work if all CacheManager peers are on the same machine.
2018-07-05 15:41:25.390 [main] ERROR RMICacheManagerPeerListener - Exception starting RMI registry. Error was Port already in use: 40001; nested exception is: 
	java.net.BindException: Address already in use: JVM_Bind
java.rmi.server.ExportException: Port already in use: 40001; nested exception is: 
	java.net.BindException: Address already in use: JVM_Bind
	at sun.rmi.transport.tcp.TCPTransport.listen(TCPTransport.java:341) ~[na:1.8.0_91]
	at sun.rmi.transport.tcp.TCPTransport.exportObject(TCPTransport.java:249) ~[na:1.8.0_91]
	at sun.rmi.transport.tcp.TCPEndpoint.exportObject(TCPEndpoint.java:411) ~[na:1.8.0_91]
	at sun.rmi.transport.LiveRef.exportObject(LiveRef.java:147) ~[na:1.8.0_91]
	at sun.rmi.server.UnicastServerRef.exportObject(UnicastServerRef.java:212) ~[na:1.8.0_91]
	at sun.rmi.registry.RegistryImpl.setup(RegistryImpl.java:152) ~[na:1.8.0_91]
	at sun.rmi.registry.RegistryImpl.<init>(RegistryImpl.java:137) ~[na:1.8.0_91]
	at java.rmi.registry.LocateRegistry.createRegistry(LocateRegistry.java:203) ~[na:1.8.0_91]
	at net.sf.ehcache.distribution.RMICacheManagerPeerListener.startRegistry(RMICacheManagerPeerListener.java:326) [ehcache-core-2.4.3.jar:na]
	at net.sf.ehcache.distribution.RMICacheManagerPeerListener.init(RMICacheManagerPeerListener.java:205) [ehcache-core-2.4.3.jar:na]
	at net.sf.ehcache.event.CacheManagerEventListenerRegistry.init(CacheManagerEventListenerRegistry.java:104) [ehcache-core-2.4.3.jar:na]
	at net.sf.ehcache.CacheManager.init(CacheManager.java:365) [ehcache-core-2.4.3.jar:na]
	at net.sf.ehcache.CacheManager.<init>(CacheManager.java:299) [ehcache-core-2.4.3.jar:na]
	at net.sf.ehcache.CacheManager.create(CacheManager.java:697) [ehcache-core-2.4.3.jar:na]
	at net.sf.ehcache.CacheManager.getInstance(CacheManager.java:717) [ehcache-core-2.4.3.jar:na]
	at org.jeecgframework.core.aop.EhcacheAspect.<clinit>(EhcacheAspect.java:33) [classes/:na]
	at sun.reflect.NativeConstructorAccessorImpl.newInstance0(Native Method) [na:1.8.0_91]
	at sun.reflect.NativeConstructorAccessorImpl.newInstance(NativeConstructorAccessorImpl.java:62) [na:1.8.0_91]
	at sun.reflect.DelegatingConstructorAccessorImpl.newInstance(DelegatingConstructorAccessorImpl.java:45) [na:1.8.0_91]
	at java.lang.reflect.Constructor.newInstance(Constructor.java:423) [na:1.8.0_91]
	at org.springframework.beans.BeanUtils.instantiateClass(BeanUtils.java:148) [spring-beans-4.0.9.RELEASE.jar:4.0.9.RELEASE]
	at org.springframework.beans.factory.support.SimpleInstantiationStrategy.instantiate(SimpleInstantiationStrategy.java:89) [spring-beans-4.0.9.RELEASE.jar:4.0.9.RELEASE]
	at org.springframework.beans.factory.support.AbstractAutowireCapableBeanFactory.instantiateBean(AbstractAutowireCapableBeanFactory.java:1070) [spring-beans-4.0.9.RELEASE.jar:4.0.9.RELEASE]
	at org.springframework.beans.factory.support.AbstractAutowireCapableBeanFactory.createBeanInstance(AbstractAutowireCapableBeanFactory.java:1022) [spring-beans-4.0.9.RELEASE.jar:4.0.9.RELEASE]
	at org.springframework.beans.factory.support.AbstractAutowireCapableBeanFactory.doCreateBean(AbstractAutowireCapableBeanFactory.java:504) [spring-beans-4.0.9.RELEASE.jar:4.0.9.RELEASE]
	at org.springframework.beans.factory.support.AbstractAutowireCapableBeanFactory.createBean(AbstractAutowireCapableBeanFactory.java:475) [spring-beans-4.0.9.RELEASE.jar:4.0.9.RELEASE]
	at org.springframework.beans.factory.support.AbstractBeanFactory$1.getObject(AbstractBeanFactory.java:302) [spring-beans-4.0.9.RELEASE.jar:4.0.9.RELEASE]
	at org.springframework.beans.factory.support.DefaultSingletonBeanRegistry.getSingleton(DefaultSingletonBeanRegistry.java:229) [spring-beans-4.0.9.RELEASE.jar:4.0.9.RELEASE]
	at org.springframework.beans.factory.support.AbstractBeanFactory.doGetBean(AbstractBeanFactory.java:298) [spring-beans-4.0.9.RELEASE.jar:4.0.9.RELEASE]
	at org.springframework.beans.factory.support.AbstractBeanFactory.getBean(AbstractBeanFactory.java:193) [spring-beans-4.0.9.RELEASE.jar:4.0.9.RELEASE]
	at org.springframework.beans.factory.support.DefaultListableBeanFactory.preInstantiateSingletons(DefaultListableBeanFactory.java:706) [spring-beans-4.0.9.RELEASE.jar:4.0.9.RELEASE]
	at org.springframework.context.support.AbstractApplicationContext.finishBeanFactoryInitialization(AbstractApplicationContext.java:762) [spring-context-4.0.9.RELEASE.jar:4.0.9.RELEASE]
	at org.springframework.context.support.AbstractApplicationContext.refresh(AbstractApplicationContext.java:482) [spring-context-4.0.9.RELEASE.jar:4.0.9.RELEASE]
	at org.springframework.test.context.web.AbstractGenericWebContextLoader.loadContext(AbstractGenericWebContextLoader.java:132) [spring-test-4.0.9.RELEASE.jar:4.0.9.RELEASE]
	at org.springframework.test.context.web.AbstractGenericWebContextLoader.loadContext(AbstractGenericWebContextLoader.java:59) [spring-test-4.0.9.RELEASE.jar:4.0.9.RELEASE]
	at org.springframework.test.context.support.AbstractDelegatingSmartContextLoader.delegateLoading(AbstractDelegatingSmartContextLoader.java:102) [spring-test-4.0.9.RELEASE.jar:4.0.9.RELEASE]
	at org.springframework.test.context.support.AbstractDelegatingSmartContextLoader.loadContext(AbstractDelegatingSmartContextLoader.java:248) [spring-test-4.0.9.RELEASE.jar:4.0.9.RELEASE]
	at org.springframework.test.context.CacheAwareContextLoaderDelegate.loadContextInternal(CacheAwareContextLoaderDelegate.java:69) [spring-test-4.0.9.RELEASE.jar:4.0.9.RELEASE]
	at org.springframework.test.context.CacheAwareContextLoaderDelegate.loadContext(CacheAwareContextLoaderDelegate.java:95) [spring-test-4.0.9.RELEASE.jar:4.0.9.RELEASE]
	at org.springframework.test.context.DefaultTestContext.getApplicationContext(DefaultTestContext.java:98) [spring-test-4.0.9.RELEASE.jar:4.0.9.RELEASE]
	at org.springframework.test.context.web.ServletTestExecutionListener.setUpRequestContextIfNecessary(ServletTestExecutionListener.java:161) [spring-test-4.0.9.RELEASE.jar:4.0.9.RELEASE]
	at org.springframework.test.context.web.ServletTestExecutionListener.prepareTestInstance(ServletTestExecutionListener.java:101) [spring-test-4.0.9.RELEASE.jar:4.0.9.RELEASE]
	at org.springframework.test.context.TestContextManager.prepareTestInstance(TestContextManager.java:331) [spring-test-4.0.9.RELEASE.jar:4.0.9.RELEASE]
	at org.springframework.test.context.junit4.SpringJUnit4ClassRunner.createTest(SpringJUnit4ClassRunner.java:213) [spring-test-4.0.9.RELEASE.jar:4.0.9.RELEASE]
	at org.springframework.test.context.junit4.SpringJUnit4ClassRunner$1.runReflectiveCall(SpringJUnit4ClassRunner.java:290) [spring-test-4.0.9.RELEASE.jar:4.0.9.RELEASE]
	at org.junit.internal.runners.model.ReflectiveCallable.run(ReflectiveCallable.java:12) [junit-4.12.jar:4.12]
	at org.springframework.test.context.junit4.SpringJUnit4ClassRunner.methodBlock(SpringJUnit4ClassRunner.java:292) [spring-test-4.0.9.RELEASE.jar:4.0.9.RELEASE]
	at org.springframework.test.context.junit4.SpringJUnit4ClassRunner.runChild(SpringJUnit4ClassRunner.java:233) [spring-test-4.0.9.RELEASE.jar:4.0.9.RELEASE]
	at org.springframework.test.context.junit4.SpringJUnit4ClassRunner.runChild(SpringJUnit4ClassRunner.java:87) [spring-test-4.0.9.RELEASE.jar:4.0.9.RELEASE]
	at org.junit.runners.ParentRunner$3.run(ParentRunner.java:290) [junit-4.12.jar:4.12]
	at org.junit.runners.ParentRunner$1.schedule(ParentRunner.java:71) [junit-4.12.jar:4.12]
	at org.junit.runners.ParentRunner.runChildren(ParentRunner.java:288) [junit-4.12.jar:4.12]
	at org.junit.runners.ParentRunner.access$000(ParentRunner.java:58) [junit-4.12.jar:4.12]
	at org.junit.runners.ParentRunner$2.evaluate(ParentRunner.java:268) [junit-4.12.jar:4.12]
	at org.springframework.test.context.junit4.statements.RunBeforeTestClassCallbacks.evaluate(RunBeforeTestClassCallbacks.java:61) [spring-test-4.0.9.RELEASE.jar:4.0.9.RELEASE]
	at org.springframework.test.context.junit4.statements.RunAfterTestClassCallbacks.evaluate(RunAfterTestClassCallbacks.java:71) [spring-test-4.0.9.RELEASE.jar:4.0.9.RELEASE]
	at org.junit.runners.ParentRunner.run(ParentRunner.java:363) [junit-4.12.jar:4.12]
	at org.springframework.test.context.junit4.SpringJUnit4ClassRunner.run(SpringJUnit4ClassRunner.java:176) [spring-test-4.0.9.RELEASE.jar:4.0.9.RELEASE]
	at org.junit.runner.JUnitCore.run(JUnitCore.java:137) [junit-4.12.jar:4.12]
	at com.intellij.junit4.JUnit4IdeaTestRunner.startRunnerWithArgs(JUnit4IdeaTestRunner.java:68) [junit-rt.jar:na]
	at com.intellij.rt.execution.junit.IdeaTestRunner$Repeater.startRunnerWithArgs(IdeaTestRunner.java:47) [junit-rt.jar:na]
	at com.intellij.rt.execution.junit.JUnitStarter.prepareStreamsAndStart(JUnitStarter.java:242) [junit-rt.jar:na]
	at com.intellij.rt.execution.junit.JUnitStarter.main(JUnitStarter.java:70) [junit-rt.jar:na]
Caused by: java.net.BindException: Address already in use: JVM_Bind
	at java.net.DualStackPlainSocketImpl.bind0(Native Method) ~[na:1.8.0_91]
	at java.net.DualStackPlainSocketImpl.socketBind(DualStackPlainSocketImpl.java:106) ~[na:1.8.0_91]
	at java.net.AbstractPlainSocketImpl.bind(AbstractPlainSocketImpl.java:387) ~[na:1.8.0_91]
	at java.net.PlainSocketImpl.bind(PlainSocketImpl.java:190) ~[na:1.8.0_91]
	at java.net.ServerSocket.bind(ServerSocket.java:375) ~[na:1.8.0_91]
	at java.net.ServerSocket.<init>(ServerSocket.java:237) ~[na:1.8.0_91]
	at java.net.ServerSocket.<init>(ServerSocket.java:128) ~[na:1.8.0_91]
	at sun.rmi.transport.proxy.RMIDirectSocketFactory.createServerSocket(RMIDirectSocketFactory.java:45) ~[na:1.8.0_91]
	at sun.rmi.transport.proxy.RMIMasterSocketFactory.createServerSocket(RMIMasterSocketFactory.java:345) ~[na:1.8.0_91]
	at sun.rmi.transport.tcp.TCPEndpoint.newServerSocket(TCPEndpoint.java:666) ~[na:1.8.0_91]
	at sun.rmi.transport.tcp.TCPTransport.listen(TCPTransport.java:330) ~[na:1.8.0_91]
	... 62 common frames omitted
2018-07-05 15:44:08.448 [main] WARN  RMICacheManagerPeerListener - Explicitly setting the listener hostname to 'localhost' is not recommended. It will only work if all CacheManager peers are on the same machine.
2018-07-05 15:44:08.862 [main] ERROR RMICacheManagerPeerListener - Exception starting RMI registry. Error was Port already in use: 40001; nested exception is: 
	java.net.BindException: Address already in use: JVM_Bind
java.rmi.server.ExportException: Port already in use: 40001; nested exception is: 
	java.net.BindException: Address already in use: JVM_Bind
	at sun.rmi.transport.tcp.TCPTransport.listen(TCPTransport.java:341) ~[na:1.8.0_91]
	at sun.rmi.transport.tcp.TCPTransport.exportObject(TCPTransport.java:249) ~[na:1.8.0_91]
	at sun.rmi.transport.tcp.TCPEndpoint.exportObject(TCPEndpoint.java:411) ~[na:1.8.0_91]
	at sun.rmi.transport.LiveRef.exportObject(LiveRef.java:147) ~[na:1.8.0_91]
	at sun.rmi.server.UnicastServerRef.exportObject(UnicastServerRef.java:212) ~[na:1.8.0_91]
	at sun.rmi.registry.RegistryImpl.setup(RegistryImpl.java:152) ~[na:1.8.0_91]
	at sun.rmi.registry.RegistryImpl.<init>(RegistryImpl.java:137) ~[na:1.8.0_91]
	at java.rmi.registry.LocateRegistry.createRegistry(LocateRegistry.java:203) ~[na:1.8.0_91]
	at net.sf.ehcache.distribution.RMICacheManagerPeerListener.startRegistry(RMICacheManagerPeerListener.java:326) [ehcache-core-2.4.3.jar:na]
	at net.sf.ehcache.distribution.RMICacheManagerPeerListener.init(RMICacheManagerPeerListener.java:205) [ehcache-core-2.4.3.jar:na]
	at net.sf.ehcache.event.CacheManagerEventListenerRegistry.init(CacheManagerEventListenerRegistry.java:104) [ehcache-core-2.4.3.jar:na]
	at net.sf.ehcache.CacheManager.init(CacheManager.java:365) [ehcache-core-2.4.3.jar:na]
	at net.sf.ehcache.CacheManager.<init>(CacheManager.java:299) [ehcache-core-2.4.3.jar:na]
	at net.sf.ehcache.CacheManager.create(CacheManager.java:697) [ehcache-core-2.4.3.jar:na]
	at net.sf.ehcache.CacheManager.getInstance(CacheManager.java:717) [ehcache-core-2.4.3.jar:na]
	at org.jeecgframework.core.aop.EhcacheAspect.<clinit>(EhcacheAspect.java:33) [classes/:na]
	at sun.reflect.NativeConstructorAccessorImpl.newInstance0(Native Method) [na:1.8.0_91]
	at sun.reflect.NativeConstructorAccessorImpl.newInstance(NativeConstructorAccessorImpl.java:62) [na:1.8.0_91]
	at sun.reflect.DelegatingConstructorAccessorImpl.newInstance(DelegatingConstructorAccessorImpl.java:45) [na:1.8.0_91]
	at java.lang.reflect.Constructor.newInstance(Constructor.java:423) [na:1.8.0_91]
	at org.springframework.beans.BeanUtils.instantiateClass(BeanUtils.java:148) [spring-beans-4.0.9.RELEASE.jar:4.0.9.RELEASE]
	at org.springframework.beans.factory.support.SimpleInstantiationStrategy.instantiate(SimpleInstantiationStrategy.java:89) [spring-beans-4.0.9.RELEASE.jar:4.0.9.RELEASE]
	at org.springframework.beans.factory.support.AbstractAutowireCapableBeanFactory.instantiateBean(AbstractAutowireCapableBeanFactory.java:1070) [spring-beans-4.0.9.RELEASE.jar:4.0.9.RELEASE]
	at org.springframework.beans.factory.support.AbstractAutowireCapableBeanFactory.createBeanInstance(AbstractAutowireCapableBeanFactory.java:1022) [spring-beans-4.0.9.RELEASE.jar:4.0.9.RELEASE]
	at org.springframework.beans.factory.support.AbstractAutowireCapableBeanFactory.doCreateBean(AbstractAutowireCapableBeanFactory.java:504) [spring-beans-4.0.9.RELEASE.jar:4.0.9.RELEASE]
	at org.springframework.beans.factory.support.AbstractAutowireCapableBeanFactory.createBean(AbstractAutowireCapableBeanFactory.java:475) [spring-beans-4.0.9.RELEASE.jar:4.0.9.RELEASE]
	at org.springframework.beans.factory.support.AbstractBeanFactory$1.getObject(AbstractBeanFactory.java:302) [spring-beans-4.0.9.RELEASE.jar:4.0.9.RELEASE]
	at org.springframework.beans.factory.support.DefaultSingletonBeanRegistry.getSingleton(DefaultSingletonBeanRegistry.java:229) [spring-beans-4.0.9.RELEASE.jar:4.0.9.RELEASE]
	at org.springframework.beans.factory.support.AbstractBeanFactory.doGetBean(AbstractBeanFactory.java:298) [spring-beans-4.0.9.RELEASE.jar:4.0.9.RELEASE]
	at org.springframework.beans.factory.support.AbstractBeanFactory.getBean(AbstractBeanFactory.java:193) [spring-beans-4.0.9.RELEASE.jar:4.0.9.RELEASE]
	at org.springframework.beans.factory.support.DefaultListableBeanFactory.preInstantiateSingletons(DefaultListableBeanFactory.java:706) [spring-beans-4.0.9.RELEASE.jar:4.0.9.RELEASE]
	at org.springframework.context.support.AbstractApplicationContext.finishBeanFactoryInitialization(AbstractApplicationContext.java:762) [spring-context-4.0.9.RELEASE.jar:4.0.9.RELEASE]
	at org.springframework.context.support.AbstractApplicationContext.refresh(AbstractApplicationContext.java:482) [spring-context-4.0.9.RELEASE.jar:4.0.9.RELEASE]
	at org.springframework.test.context.web.AbstractGenericWebContextLoader.loadContext(AbstractGenericWebContextLoader.java:132) [spring-test-4.0.9.RELEASE.jar:4.0.9.RELEASE]
	at org.springframework.test.context.web.AbstractGenericWebContextLoader.loadContext(AbstractGenericWebContextLoader.java:59) [spring-test-4.0.9.RELEASE.jar:4.0.9.RELEASE]
	at org.springframework.test.context.support.AbstractDelegatingSmartContextLoader.delegateLoading(AbstractDelegatingSmartContextLoader.java:102) [spring-test-4.0.9.RELEASE.jar:4.0.9.RELEASE]
	at org.springframework.test.context.support.AbstractDelegatingSmartContextLoader.loadContext(AbstractDelegatingSmartContextLoader.java:248) [spring-test-4.0.9.RELEASE.jar:4.0.9.RELEASE]
	at org.springframework.test.context.CacheAwareContextLoaderDelegate.loadContextInternal(CacheAwareContextLoaderDelegate.java:69) [spring-test-4.0.9.RELEASE.jar:4.0.9.RELEASE]
	at org.springframework.test.context.CacheAwareContextLoaderDelegate.loadContext(CacheAwareContextLoaderDelegate.java:95) [spring-test-4.0.9.RELEASE.jar:4.0.9.RELEASE]
	at org.springframework.test.context.DefaultTestContext.getApplicationContext(DefaultTestContext.java:98) [spring-test-4.0.9.RELEASE.jar:4.0.9.RELEASE]
	at org.springframework.test.context.web.ServletTestExecutionListener.setUpRequestContextIfNecessary(ServletTestExecutionListener.java:161) [spring-test-4.0.9.RELEASE.jar:4.0.9.RELEASE]
	at org.springframework.test.context.web.ServletTestExecutionListener.prepareTestInstance(ServletTestExecutionListener.java:101) [spring-test-4.0.9.RELEASE.jar:4.0.9.RELEASE]
	at org.springframework.test.context.TestContextManager.prepareTestInstance(TestContextManager.java:331) [spring-test-4.0.9.RELEASE.jar:4.0.9.RELEASE]
	at org.springframework.test.context.junit4.SpringJUnit4ClassRunner.createTest(SpringJUnit4ClassRunner.java:213) [spring-test-4.0.9.RELEASE.jar:4.0.9.RELEASE]
	at org.springframework.test.context.junit4.SpringJUnit4ClassRunner$1.runReflectiveCall(SpringJUnit4ClassRunner.java:290) [spring-test-4.0.9.RELEASE.jar:4.0.9.RELEASE]
	at org.junit.internal.runners.model.ReflectiveCallable.run(ReflectiveCallable.java:12) [junit-4.12.jar:4.12]
	at org.springframework.test.context.junit4.SpringJUnit4ClassRunner.methodBlock(SpringJUnit4ClassRunner.java:292) [spring-test-4.0.9.RELEASE.jar:4.0.9.RELEASE]
	at org.springframework.test.context.junit4.SpringJUnit4ClassRunner.runChild(SpringJUnit4ClassRunner.java:233) [spring-test-4.0.9.RELEASE.jar:4.0.9.RELEASE]
	at org.springframework.test.context.junit4.SpringJUnit4ClassRunner.runChild(SpringJUnit4ClassRunner.java:87) [spring-test-4.0.9.RELEASE.jar:4.0.9.RELEASE]
	at org.junit.runners.ParentRunner$3.run(ParentRunner.java:290) [junit-4.12.jar:4.12]
	at org.junit.runners.ParentRunner$1.schedule(ParentRunner.java:71) [junit-4.12.jar:4.12]
	at org.junit.runners.ParentRunner.runChildren(ParentRunner.java:288) [junit-4.12.jar:4.12]
	at org.junit.runners.ParentRunner.access$000(ParentRunner.java:58) [junit-4.12.jar:4.12]
	at org.junit.runners.ParentRunner$2.evaluate(ParentRunner.java:268) [junit-4.12.jar:4.12]
	at org.springframework.test.context.junit4.statements.RunBeforeTestClassCallbacks.evaluate(RunBeforeTestClassCallbacks.java:61) [spring-test-4.0.9.RELEASE.jar:4.0.9.RELEASE]
	at org.springframework.test.context.junit4.statements.RunAfterTestClassCallbacks.evaluate(RunAfterTestClassCallbacks.java:71) [spring-test-4.0.9.RELEASE.jar:4.0.9.RELEASE]
	at org.junit.runners.ParentRunner.run(ParentRunner.java:363) [junit-4.12.jar:4.12]
	at org.springframework.test.context.junit4.SpringJUnit4ClassRunner.run(SpringJUnit4ClassRunner.java:176) [spring-test-4.0.9.RELEASE.jar:4.0.9.RELEASE]
	at org.junit.runner.JUnitCore.run(JUnitCore.java:137) [junit-4.12.jar:4.12]
	at com.intellij.junit4.JUnit4IdeaTestRunner.startRunnerWithArgs(JUnit4IdeaTestRunner.java:68) [junit-rt.jar:na]
	at com.intellij.rt.execution.junit.IdeaTestRunner$Repeater.startRunnerWithArgs(IdeaTestRunner.java:47) [junit-rt.jar:na]
	at com.intellij.rt.execution.junit.JUnitStarter.prepareStreamsAndStart(JUnitStarter.java:242) [junit-rt.jar:na]
	at com.intellij.rt.execution.junit.JUnitStarter.main(JUnitStarter.java:70) [junit-rt.jar:na]
Caused by: java.net.BindException: Address already in use: JVM_Bind
	at java.net.DualStackPlainSocketImpl.bind0(Native Method) ~[na:1.8.0_91]
	at java.net.DualStackPlainSocketImpl.socketBind(DualStackPlainSocketImpl.java:106) ~[na:1.8.0_91]
	at java.net.AbstractPlainSocketImpl.bind(AbstractPlainSocketImpl.java:387) ~[na:1.8.0_91]
	at java.net.PlainSocketImpl.bind(PlainSocketImpl.java:190) ~[na:1.8.0_91]
	at java.net.ServerSocket.bind(ServerSocket.java:375) ~[na:1.8.0_91]
	at java.net.ServerSocket.<init>(ServerSocket.java:237) ~[na:1.8.0_91]
	at java.net.ServerSocket.<init>(ServerSocket.java:128) ~[na:1.8.0_91]
	at sun.rmi.transport.proxy.RMIDirectSocketFactory.createServerSocket(RMIDirectSocketFactory.java:45) ~[na:1.8.0_91]
	at sun.rmi.transport.proxy.RMIMasterSocketFactory.createServerSocket(RMIMasterSocketFactory.java:345) ~[na:1.8.0_91]
	at sun.rmi.transport.tcp.TCPEndpoint.newServerSocket(TCPEndpoint.java:666) ~[na:1.8.0_91]
	at sun.rmi.transport.tcp.TCPTransport.listen(TCPTransport.java:330) ~[na:1.8.0_91]
	... 62 common frames omitted
2018-07-05 15:45:57.636 [main] WARN  RMICacheManagerPeerListener - Explicitly setting the listener hostname to 'localhost' is not recommended. It will only work if all CacheManager peers are on the same machine.
2018-07-05 15:46:00.551 [main] INFO  Version - Hibernate Validator 4.2.0.Final
2018-07-05 15:46:08.153 [main] INFO  ReflectionServiceFactoryBean - Creating Service {http://test.ws.demo.web.jeecgframework.org/}JeecgWServiceImplService from class org.jeecgframework.web.demo.ws.test.JeecgWServiceI
2018-07-05 15:46:08.854 [main] INFO  ServerImpl - Setting the server's publish address to be /JeecgWService
2018-07-05 15:46:08.981 [main] INFO  ReflectionServiceFactoryBean - Creating Service {http://test.ws.demo.web.jeecgframework.org/}JeecgWDemoServiceImplService from class org.jeecgframework.web.demo.ws.test.JeecgWServiceI
2018-07-05 15:46:09.000 [main] INFO  ServerImpl - Setting the server's publish address to be /JeecgWDemoService
2018-07-05 15:46:43.342 [main] WARN  RMICacheManagerPeerListener - Explicitly setting the listener hostname to 'localhost' is not recommended. It will only work if all CacheManager peers are on the same machine.
2018-07-05 15:47:04.762 [main] INFO  Version - Hibernate Validator 4.2.0.Final
2018-07-05 15:47:14.194 [main] INFO  ReflectionServiceFactoryBean - Creating Service {http://test.ws.demo.web.jeecgframework.org/}JeecgWServiceImplService from class org.jeecgframework.web.demo.ws.test.JeecgWServiceI
2018-07-05 15:47:15.071 [main] INFO  ServerImpl - Setting the server's publish address to be /JeecgWService
2018-07-05 15:47:15.215 [main] INFO  ReflectionServiceFactoryBean - Creating Service {http://test.ws.demo.web.jeecgframework.org/}JeecgWDemoServiceImplService from class org.jeecgframework.web.demo.ws.test.JeecgWServiceI
2018-07-05 15:47:15.235 [main] INFO  ServerImpl - Setting the server's publish address to be /JeecgWDemoService
2018-07-05 15:49:27.693 [main] WARN  RMICacheManagerPeerListener - Explicitly setting the listener hostname to 'localhost' is not recommended. It will only work if all CacheManager peers are on the same machine.
2018-07-05 15:49:30.011 [main] INFO  Version - Hibernate Validator 4.2.0.Final
2018-07-05 15:49:36.630 [main] INFO  ReflectionServiceFactoryBean - Creating Service {http://test.ws.demo.web.jeecgframework.org/}JeecgWServiceImplService from class org.jeecgframework.web.demo.ws.test.JeecgWServiceI
2018-07-05 15:49:37.428 [main] INFO  ServerImpl - Setting the server's publish address to be /JeecgWService
2018-07-05 15:49:37.609 [main] INFO  ReflectionServiceFactoryBean - Creating Service {http://test.ws.demo.web.jeecgframework.org/}JeecgWDemoServiceImplService from class org.jeecgframework.web.demo.ws.test.JeecgWServiceI
2018-07-05 15:49:37.656 [main] INFO  ServerImpl - Setting the server's publish address to be /JeecgWDemoService
2018-07-05 15:58:55.343 [main] WARN  RMICacheManagerPeerListener - Explicitly setting the listener hostname to 'localhost' is not recommended. It will only work if all CacheManager peers are on the same machine.
2018-07-05 15:58:57.933 [main] INFO  Version - Hibernate Validator 4.2.0.Final
2018-07-05 15:59:04.988 [main] INFO  ReflectionServiceFactoryBean - Creating Service {http://test.ws.demo.web.jeecgframework.org/}JeecgWServiceImplService from class org.jeecgframework.web.demo.ws.test.JeecgWServiceI
2018-07-05 15:59:05.686 [main] INFO  ServerImpl - Setting the server's publish address to be /JeecgWService
2018-07-05 15:59:05.818 [main] INFO  ReflectionServiceFactoryBean - Creating Service {http://test.ws.demo.web.jeecgframework.org/}JeecgWDemoServiceImplService from class org.jeecgframework.web.demo.ws.test.JeecgWServiceI
2018-07-05 15:59:05.831 [main] INFO  ServerImpl - Setting the server's publish address to be /JeecgWDemoService
2018-07-05 16:09:16.518 [main] WARN  RMICacheManagerPeerListener - Explicitly setting the listener hostname to 'localhost' is not recommended. It will only work if all CacheManager peers are on the same machine.
2018-07-05 16:09:19.257 [main] INFO  Version - Hibernate Validator 4.2.0.Final
2018-07-05 16:09:26.574 [main] INFO  ReflectionServiceFactoryBean - Creating Service {http://test.ws.demo.web.jeecgframework.org/}JeecgWServiceImplService from class org.jeecgframework.web.demo.ws.test.JeecgWServiceI
2018-07-05 16:09:27.360 [main] INFO  ServerImpl - Setting the server's publish address to be /JeecgWService
2018-07-05 16:09:27.491 [main] INFO  ReflectionServiceFactoryBean - Creating Service {http://test.ws.demo.web.jeecgframework.org/}JeecgWDemoServiceImplService from class org.jeecgframework.web.demo.ws.test.JeecgWServiceI
2018-07-05 16:09:27.506 [main] INFO  ServerImpl - Setting the server's publish address to be /JeecgWDemoService
2018-07-05 16:10:07.453 [main] WARN  RMICacheManagerPeerListener - Explicitly setting the listener hostname to 'localhost' is not recommended. It will only work if all CacheManager peers are on the same machine.
2018-07-05 16:10:09.779 [main] INFO  Version - Hibernate Validator 4.2.0.Final
2018-07-05 16:10:16.960 [main] INFO  ReflectionServiceFactoryBean - Creating Service {http://test.ws.demo.web.jeecgframework.org/}JeecgWServiceImplService from class org.jeecgframework.web.demo.ws.test.JeecgWServiceI
2018-07-05 16:10:17.820 [main] INFO  ServerImpl - Setting the server's publish address to be /JeecgWService
2018-07-05 16:10:17.970 [main] INFO  ReflectionServiceFactoryBean - Creating Service {http://test.ws.demo.web.jeecgframework.org/}JeecgWDemoServiceImplService from class org.jeecgframework.web.demo.ws.test.JeecgWServiceI
2018-07-05 16:10:17.983 [main] INFO  ServerImpl - Setting the server's publish address to be /JeecgWDemoService
2018-07-05 16:21:17.454 [main] WARN  RMICacheManagerPeerListener - Explicitly setting the listener hostname to 'localhost' is not recommended. It will only work if all CacheManager peers are on the same machine.
2018-07-05 16:21:19.770 [main] INFO  Version - Hibernate Validator 4.2.0.Final
2018-07-05 16:21:26.717 [main] INFO  ReflectionServiceFactoryBean - Creating Service {http://test.ws.demo.web.jeecgframework.org/}JeecgWServiceImplService from class org.jeecgframework.web.demo.ws.test.JeecgWServiceI
2018-07-05 16:21:27.404 [main] INFO  ServerImpl - Setting the server's publish address to be /JeecgWService
2018-07-05 16:21:27.506 [main] INFO  ReflectionServiceFactoryBean - Creating Service {http://test.ws.demo.web.jeecgframework.org/}JeecgWDemoServiceImplService from class org.jeecgframework.web.demo.ws.test.JeecgWServiceI
2018-07-05 16:21:27.517 [main] INFO  ServerImpl - Setting the server's publish address to be /JeecgWDemoService
2018-07-05 16:22:19.056 [main] WARN  RMICacheManagerPeerListener - Explicitly setting the listener hostname to 'localhost' is not recommended. It will only work if all CacheManager peers are on the same machine.
2018-07-05 16:22:21.440 [main] INFO  Version - Hibernate Validator 4.2.0.Final
2018-07-05 16:22:28.431 [main] INFO  ReflectionServiceFactoryBean - Creating Service {http://test.ws.demo.web.jeecgframework.org/}JeecgWServiceImplService from class org.jeecgframework.web.demo.ws.test.JeecgWServiceI
2018-07-05 16:22:29.193 [main] INFO  ServerImpl - Setting the server's publish address to be /JeecgWService
2018-07-05 16:22:29.396 [main] INFO  ReflectionServiceFactoryBean - Creating Service {http://test.ws.demo.web.jeecgframework.org/}JeecgWDemoServiceImplService from class org.jeecgframework.web.demo.ws.test.JeecgWServiceI
2018-07-05 16:22:29.415 [main] INFO  ServerImpl - Setting the server's publish address to be /JeecgWDemoService
2018-07-05 16:26:19.527 [main] WARN  RMICacheManagerPeerListener - Explicitly setting the listener hostname to 'localhost' is not recommended. It will only work if all CacheManager peers are on the same machine.
2018-07-05 16:26:22.063 [main] INFO  Version - Hibernate Validator 4.2.0.Final
2018-07-05 16:26:29.106 [main] INFO  ReflectionServiceFactoryBean - Creating Service {http://test.ws.demo.web.jeecgframework.org/}JeecgWServiceImplService from class org.jeecgframework.web.demo.ws.test.JeecgWServiceI
2018-07-05 16:26:29.873 [main] INFO  ServerImpl - Setting the server's publish address to be /JeecgWService
2018-07-05 16:26:30.023 [main] INFO  ReflectionServiceFactoryBean - Creating Service {http://test.ws.demo.web.jeecgframework.org/}JeecgWDemoServiceImplService from class org.jeecgframework.web.demo.ws.test.JeecgWServiceI
2018-07-05 16:26:30.037 [main] INFO  ServerImpl - Setting the server's publish address to be /JeecgWDemoService
2018-07-05 16:28:10.401 [main] WARN  RMICacheManagerPeerListener - Explicitly setting the listener hostname to 'localhost' is not recommended. It will only work if all CacheManager peers are on the same machine.
2018-07-05 16:28:13.114 [main] INFO  Version - Hibernate Validator 4.2.0.Final
2018-07-05 16:28:19.733 [main] INFO  ReflectionServiceFactoryBean - Creating Service {http://test.ws.demo.web.jeecgframework.org/}JeecgWServiceImplService from class org.jeecgframework.web.demo.ws.test.JeecgWServiceI
2018-07-05 16:28:20.368 [main] INFO  ServerImpl - Setting the server's publish address to be /JeecgWService
2018-07-05 16:28:20.490 [main] INFO  ReflectionServiceFactoryBean - Creating Service {http://test.ws.demo.web.jeecgframework.org/}JeecgWDemoServiceImplService from class org.jeecgframework.web.demo.ws.test.JeecgWServiceI
2018-07-05 16:28:20.502 [main] INFO  ServerImpl - Setting the server's publish address to be /JeecgWDemoService
2018-07-05 16:53:00.981 [main] WARN  RMICacheManagerPeerListener - Explicitly setting the listener hostname to 'localhost' is not recommended. It will only work if all CacheManager peers are on the same machine.
2018-07-05 16:53:16.588 [main] INFO  Version - Hibernate Validator 4.2.0.Final
2018-07-05 16:53:25.413 [main] INFO  ReflectionServiceFactoryBean - Creating Service {http://test.ws.demo.web.jeecgframework.org/}JeecgWServiceImplService from class org.jeecgframework.web.demo.ws.test.JeecgWServiceI
2018-07-05 16:53:26.573 [main] INFO  ServerImpl - Setting the server's publish address to be /JeecgWService
2018-07-05 16:53:26.699 [main] INFO  ReflectionServiceFactoryBean - Creating Service {http://test.ws.demo.web.jeecgframework.org/}JeecgWDemoServiceImplService from class org.jeecgframework.web.demo.ws.test.JeecgWServiceI
2018-07-05 16:53:26.712 [main] INFO  ServerImpl - Setting the server's publish address to be /JeecgWDemoService
2018-07-05 16:56:48.570 [main] WARN  RMICacheManagerPeerListener - Explicitly setting the listener hostname to 'localhost' is not recommended. It will only work if all CacheManager peers are on the same machine.
2018-07-05 16:56:50.913 [main] INFO  Version - Hibernate Validator 4.2.0.Final
2018-07-05 16:56:57.673 [main] INFO  ReflectionServiceFactoryBean - Creating Service {http://test.ws.demo.web.jeecgframework.org/}JeecgWServiceImplService from class org.jeecgframework.web.demo.ws.test.JeecgWServiceI
2018-07-05 16:56:58.492 [main] INFO  ServerImpl - Setting the server's publish address to be /JeecgWService
2018-07-05 16:56:58.641 [main] INFO  ReflectionServiceFactoryBean - Creating Service {http://test.ws.demo.web.jeecgframework.org/}JeecgWDemoServiceImplService from class org.jeecgframework.web.demo.ws.test.JeecgWServiceI
2018-07-05 16:56:58.658 [main] INFO  ServerImpl - Setting the server's publish address to be /JeecgWDemoService
2018-07-05 17:06:50.079 [main] WARN  RMICacheManagerPeerListener - Explicitly setting the listener hostname to 'localhost' is not recommended. It will only work if all CacheManager peers are on the same machine.
2018-07-05 17:06:52.823 [main] INFO  Version - Hibernate Validator 4.2.0.Final
2018-07-05 17:06:59.927 [main] INFO  ReflectionServiceFactoryBean - Creating Service {http://test.ws.demo.web.jeecgframework.org/}JeecgWServiceImplService from class org.jeecgframework.web.demo.ws.test.JeecgWServiceI
2018-07-05 17:07:00.595 [main] INFO  ServerImpl - Setting the server's publish address to be /JeecgWService
2018-07-05 17:07:00.716 [main] INFO  ReflectionServiceFactoryBean - Creating Service {http://test.ws.demo.web.jeecgframework.org/}JeecgWDemoServiceImplService from class org.jeecgframework.web.demo.ws.test.JeecgWServiceI
2018-07-05 17:07:00.729 [main] INFO  ServerImpl - Setting the server's publish address to be /JeecgWDemoService
2018-07-05 17:09:16.177 [main] WARN  RMICacheManagerPeerListener - Explicitly setting the listener hostname to 'localhost' is not recommended. It will only work if all CacheManager peers are on the same machine.
2018-07-05 17:09:18.590 [main] INFO  Version - Hibernate Validator 4.2.0.Final
2018-07-05 17:09:25.601 [main] INFO  ReflectionServiceFactoryBean - Creating Service {http://test.ws.demo.web.jeecgframework.org/}JeecgWServiceImplService from class org.jeecgframework.web.demo.ws.test.JeecgWServiceI
2018-07-05 17:09:26.221 [main] INFO  ServerImpl - Setting the server's publish address to be /JeecgWService
2018-07-05 17:09:26.339 [main] INFO  ReflectionServiceFactoryBean - Creating Service {http://test.ws.demo.web.jeecgframework.org/}JeecgWDemoServiceImplService from class org.jeecgframework.web.demo.ws.test.JeecgWServiceI
2018-07-05 17:09:26.353 [main] INFO  ServerImpl - Setting the server's publish address to be /JeecgWDemoService
2018-07-05 17:09:52.742 [main] WARN  RMICacheManagerPeerListener - Explicitly setting the listener hostname to 'localhost' is not recommended. It will only work if all CacheManager peers are on the same machine.
2018-07-05 17:09:55.413 [main] INFO  Version - Hibernate Validator 4.2.0.Final
2018-07-05 17:10:02.543 [main] INFO  ReflectionServiceFactoryBean - Creating Service {http://test.ws.demo.web.jeecgframework.org/}JeecgWServiceImplService from class org.jeecgframework.web.demo.ws.test.JeecgWServiceI
2018-07-05 17:10:03.315 [main] INFO  ServerImpl - Setting the server's publish address to be /JeecgWService
2018-07-05 17:10:03.454 [main] INFO  ReflectionServiceFactoryBean - Creating Service {http://test.ws.demo.web.jeecgframework.org/}JeecgWDemoServiceImplService from class org.jeecgframework.web.demo.ws.test.JeecgWServiceI
2018-07-05 17:10:03.465 [main] INFO  ServerImpl - Setting the server's publish address to be /JeecgWDemoService
2018-07-05 17:26:40.415 [main] WARN  RMICacheManagerPeerListener - Explicitly setting the listener hostname to 'localhost' is not recommended. It will only work if all CacheManager peers are on the same machine.
2018-07-05 17:26:43.027 [main] INFO  Version - Hibernate Validator 4.2.0.Final
2018-07-05 17:26:49.467 [main] INFO  ReflectionServiceFactoryBean - Creating Service {http://test.ws.demo.web.jeecgframework.org/}JeecgWServiceImplService from class org.jeecgframework.web.demo.ws.test.JeecgWServiceI
2018-07-05 17:26:50.164 [main] INFO  ServerImpl - Setting the server's publish address to be /JeecgWService
2018-07-05 17:26:50.310 [main] INFO  ReflectionServiceFactoryBean - Creating Service {http://test.ws.demo.web.jeecgframework.org/}JeecgWDemoServiceImplService from class org.jeecgframework.web.demo.ws.test.JeecgWServiceI
2018-07-05 17:26:50.327 [main] INFO  ServerImpl - Setting the server's publish address to be /JeecgWDemoService
2018-07-05 17:27:50.712 [main] WARN  RMICacheManagerPeerListener - Explicitly setting the listener hostname to 'localhost' is not recommended. It will only work if all CacheManager peers are on the same machine.
2018-07-05 17:27:53.099 [main] INFO  Version - Hibernate Validator 4.2.0.Final
2018-07-05 17:27:59.927 [main] INFO  ReflectionServiceFactoryBean - Creating Service {http://test.ws.demo.web.jeecgframework.org/}JeecgWServiceImplService from class org.jeecgframework.web.demo.ws.test.JeecgWServiceI
2018-07-05 17:28:00.931 [main] INFO  ServerImpl - Setting the server's publish address to be /JeecgWService
2018-07-05 17:28:01.103 [main] INFO  ReflectionServiceFactoryBean - Creating Service {http://test.ws.demo.web.jeecgframework.org/}JeecgWDemoServiceImplService from class org.jeecgframework.web.demo.ws.test.JeecgWServiceI
2018-07-05 17:28:01.119 [main] INFO  ServerImpl - Setting the server's publish address to be /JeecgWDemoService
2018-07-05 17:28:35.968 [main] WARN  RMICacheManagerPeerListener - Explicitly setting the listener hostname to 'localhost' is not recommended. It will only work if all CacheManager peers are on the same machine.
2018-07-05 17:28:38.344 [main] INFO  Version - Hibernate Validator 4.2.0.Final
2018-07-05 17:28:44.954 [main] INFO  ReflectionServiceFactoryBean - Creating Service {http://test.ws.demo.web.jeecgframework.org/}JeecgWServiceImplService from class org.jeecgframework.web.demo.ws.test.JeecgWServiceI
2018-07-05 17:28:45.615 [main] INFO  ServerImpl - Setting the server's publish address to be /JeecgWService
2018-07-05 17:28:45.777 [main] INFO  ReflectionServiceFactoryBean - Creating Service {http://test.ws.demo.web.jeecgframework.org/}JeecgWDemoServiceImplService from class org.jeecgframework.web.demo.ws.test.JeecgWServiceI
2018-07-05 17:28:45.793 [main] INFO  ServerImpl - Setting the server's publish address to be /JeecgWDemoService
2018-07-05 17:37:28.119 [main] WARN  RMICacheManagerPeerListener - Explicitly setting the listener hostname to 'localhost' is not recommended. It will only work if all CacheManager peers are on the same machine.
2018-07-05 17:37:30.738 [main] INFO  Version - Hibernate Validator 4.2.0.Final
2018-07-05 17:37:37.717 [main] INFO  ReflectionServiceFactoryBean - Creating Service {http://test.ws.demo.web.jeecgframework.org/}JeecgWServiceImplService from class org.jeecgframework.web.demo.ws.test.JeecgWServiceI
2018-07-05 17:37:38.667 [main] INFO  ServerImpl - Setting the server's publish address to be /JeecgWService
2018-07-05 17:37:38.835 [main] INFO  ReflectionServiceFactoryBean - Creating Service {http://test.ws.demo.web.jeecgframework.org/}JeecgWDemoServiceImplService from class org.jeecgframework.web.demo.ws.test.JeecgWServiceI
2018-07-05 17:37:38.855 [main] INFO  ServerImpl - Setting the server's publish address to be /JeecgWDemoService
2018-07-05 18:01:55.337 [main] WARN  RMICacheManagerPeerListener - Explicitly setting the listener hostname to 'localhost' is not recommended. It will only work if all CacheManager peers are on the same machine.
2018-07-05 18:01:58.097 [main] INFO  Version - Hibernate Validator 4.2.0.Final
2018-07-05 18:02:05.966 [main] INFO  ReflectionServiceFactoryBean - Creating Service {http://test.ws.demo.web.jeecgframework.org/}JeecgWServiceImplService from class org.jeecgframework.web.demo.ws.test.JeecgWServiceI
2018-07-05 18:02:06.689 [main] INFO  ServerImpl - Setting the server's publish address to be /JeecgWService
2018-07-05 18:02:06.839 [main] INFO  ReflectionServiceFactoryBean - Creating Service {http://test.ws.demo.web.jeecgframework.org/}JeecgWDemoServiceImplService from class org.jeecgframework.web.demo.ws.test.JeecgWServiceI
2018-07-05 18:02:06.857 [main] INFO  ServerImpl - Setting the server's publish address to be /JeecgWDemoService
